[ 2015-08-31T09:15:31+08:00 ] 127.0.0.1 /www
ERR: 无法加载模块:www

[ 2015-08-31T09:15:31+08:00 ] 127.0.0.1 //MAD/Modules/Index/Tpl/Public/videos/hnscby6_1428294348_557405952.mp4
ERR: 无法加载模块:MAD

[ 2015-08-31T09:35:55+08:00 ] 127.0.0.1 /www
ERR: 无法加载模块:www

[ 2015-08-31T09:35:55+08:00 ] 127.0.0.1 //MAD/Modules/Index/Tpl/Public/videos/364486142@qq.com_1428249349_439462054.mp4
ERR: 无法加载模块:MAD

[ 2015-08-31T09:42:56+08:00 ] 127.0.0.1 //MAD/Modules/Index/Tpl/Public/videos/364486142@qq.com_1428249349_439462054.mp4
ERR: 无法加载模块:MAD

[ 2015-08-31T09:42:56+08:00 ] 127.0.0.1 /www
ERR: 无法加载模块:www

[ 2015-08-31T09:44:21+08:00 ] 127.0.0.1 /index.php/VideoDetail/sendMsg
INFO: [ app_begin ] --START--
INFO: ReadHtmlCache Behavior ::run [ RunTime:0.000000s ]
INFO: [ app_begin ] --END-- [ RunTime:0.001000s ]
NOTIC: [8] Undefined index: ispassword E:\huasuhui\GRProject\drawmadTest\MAD\Common\common.php 第 168 行.
NOTIC: [8] Undefined index: b618aa3c36e9ee44e3f75312036844af E:\huasuhui\GRProject\drawmadTest\MAD\Common\common.php 第 173 行.
NOTIC: [8192] mysql_connect(): The mysql extension is deprecated and will be removed in the future: use mysqli or PDO instead E:\huasuhui\GRProject\drawmadTest\ThinkPHP\Lib\Driver\Db\DbMysql.class.php 第 55 行.
SQL: select * from notice
where id not in (
select notice_id from user_notice
where user_id = 
) and type = '3'

UNION ALL

select * from notice 
where id not in (
select notice_id from user_notice
where user_id = 
) and type = '4' and user_id = 
 [ RunTime:0.000000s ]
ERR: 1064:You have an error in your SQL syntax; check the manual that corresponds to your MySQL server version for the right syntax to use near ') and type = '3'

UNION ALL

select * from notice 
where id not in (
selec' at line 5
 [ SQL语句 ] : select * from notice
where id not in (
select notice_id from user_notice
where user_id = 
) and type = '3'

UNION ALL

select * from notice 
where id not in (
select notice_id from user_notice
where user_id = 
) and type = '4' and user_id = 

SQL: select a.*, b.message, b.date as notice_date
from user_notice a
LEFT JOIN notice b on a.notice_id = b.id
where a.user_id =  and a.type in (3,4) and a.is_del = 0
and a.state = 0

ORDER BY b.date desc [ RunTime:0.001000s ]
ERR: 1064:You have an error in your SQL syntax; check the manual that corresponds to your MySQL server version for the right syntax to use near 'and a.type in (3,4) and a.is_del = 0
and a.state = 0

ORDER BY b.date desc' at line 4
 [ SQL语句 ] : select a.*, b.message, b.date as notice_date
from user_notice a
LEFT JOIN notice b on a.notice_id = b.id
where a.user_id =  and a.type in (3,4) and a.is_del = 0
and a.state = 0

ORDER BY b.date desc

[ 2015-08-31T09:44:25+08:00 ] 127.0.0.1 /www
ERR: 无法加载模块:www

[ 2015-08-31T09:44:25+08:00 ] 127.0.0.1 //MAD/Modules/Index/Tpl/Public/videos/364486142@qq.com_1428249349_439462054.mp4
ERR: 无法加载模块:MAD

[ 2015-08-31T09:44:42+08:00 ] 127.0.0.1 /index.php/VideoDetail/sendMsg
INFO: [ app_begin ] --START--
INFO: ReadHtmlCache Behavior ::run [ RunTime:0.001000s ]
INFO: [ app_begin ] --END-- [ RunTime:0.001000s ]
NOTIC: [8] Undefined index: ispassword E:\huasuhui\GRProject\drawmadTest\MAD\Common\common.php 第 168 行.
NOTIC: [8] Undefined index: b618aa3c36e9ee44e3f75312036844af E:\huasuhui\GRProject\drawmadTest\MAD\Common\common.php 第 173 行.
NOTIC: [8192] mysql_connect(): The mysql extension is deprecated and will be removed in the future: use mysqli or PDO instead E:\huasuhui\GRProject\drawmadTest\ThinkPHP\Lib\Driver\Db\DbMysql.class.php 第 55 行.
SQL: select * from notice
where id not in (
select notice_id from user_notice
where user_id = 5000
) and type = '3'

UNION ALL

select * from notice 
where id not in (
select notice_id from user_notice
where user_id = 5000
) and type = '4' and user_id = 5000
 [ RunTime:0.000000s ]
SQL: select a.*, b.message, b.date as notice_date
from user_notice a
LEFT JOIN notice b on a.notice_id = b.id
where a.user_id = 5000 and a.type in (3,4) and a.is_del = 0
and a.state = 0

ORDER BY b.date desc [ RunTime:0.000000s ]
SQL: SHOW COLUMNS FROM `video_comments` [ RunTime:0.002000s ]
SQL: INSERT INTO `video_comments` (`time`,`video_id`,`content`,`parent_id`,`user_id`,`username`,`nick_name`,`user_img`) VALUES ('2015-08-31 09:44:42',10013,'玩儿玩儿',0,5000,'wuliao','无聊你妹','hed_5000.png') [ RunTime:0.031002s ]

[ 2015-08-31T10:26:53+08:00 ] 127.0.0.1 /www
ERR: 无法加载模块:www

[ 2015-08-31T10:26:53+08:00 ] 127.0.0.1 //MAD/Modules/Index/Tpl/Public/videos/364486142@qq.com_1428249349_439462054.mp4
ERR: 无法加载模块:MAD

[ 2015-08-31T10:27:00+08:00 ] 127.0.0.1 /VideoDetail/sendMsg
INFO: [ app_begin ] --START--
INFO: ReadHtmlCache Behavior ::run [ RunTime:0.001000s ]
INFO: [ app_begin ] --END-- [ RunTime:0.001000s ]
NOTIC: [8] Undefined index: ispassword E:\huasuhui\GRProject\drawmadTest\MAD\Common\common.php 第 168 行.
NOTIC: [8] Undefined index: b618aa3c36e9ee44e3f75312036844af E:\huasuhui\GRProject\drawmadTest\MAD\Common\common.php 第 173 行.
NOTIC: [8192] mysql_connect(): The mysql extension is deprecated and will be removed in the future: use mysqli or PDO instead E:\huasuhui\GRProject\drawmadTest\ThinkPHP\Lib\Driver\Db\DbMysql.class.php 第 55 行.
SQL: select * from notice
where id not in (
select notice_id from user_notice
where user_id = 5000
) and type = '3'

UNION ALL

select * from notice 
where id not in (
select notice_id from user_notice
where user_id = 5000
) and type = '4' and user_id = 5000
 [ RunTime:0.001000s ]
SQL: select a.*, b.message, b.date as notice_date
from user_notice a
LEFT JOIN notice b on a.notice_id = b.id
where a.user_id = 5000 and a.type in (3,4) and a.is_del = 0
and a.state = 0

ORDER BY b.date desc [ RunTime:0.000000s ]
SQL: SHOW COLUMNS FROM `video_comments` [ RunTime:0.002000s ]
SQL: INSERT INTO `video_comments` (`time`,`video_id`,`content`,`parent_id`,`user_id`,`username`,`nick_name`,`user_img`) VALUES ('2015-08-31 10:27:00',10013,'玩儿玩儿2',0,5000,'wuliao','无聊你妹','hed_5000.png') [ RunTime:0.034002s ]

[ 2015-08-31T10:27:02+08:00 ] 127.0.0.1 /www
ERR: 无法加载模块:www

[ 2015-08-31T10:27:02+08:00 ] 127.0.0.1 //MAD/Modules/Index/Tpl/Public/videos/364486142@qq.com_1428249349_439462054.mp4
ERR: 无法加载模块:MAD

[ 2015-08-31T10:45:34+08:00 ] 127.0.0.1 /www
ERR: 无法加载模块:www

[ 2015-08-31T10:45:34+08:00 ] 127.0.0.1 //MAD/Modules/Index/Tpl/Public/videos/364486142@qq.com_1428249349_439462054.mp4
ERR: 无法加载模块:MAD

[ 2015-08-31T10:48:08+08:00 ] 127.0.0.1 /www
ERR: 无法加载模块:www

[ 2015-08-31T10:48:08+08:00 ] 127.0.0.1 //MAD/Modules/Index/Tpl/Public/videos/364486142@qq.com_1428249349_439462054.mp4
ERR: 无法加载模块:MAD

[ 2015-08-31T10:50:46+08:00 ] 127.0.0.1 /www
ERR: 无法加载模块:www

[ 2015-08-31T10:50:46+08:00 ] 127.0.0.1 //MAD/Modules/Index/Tpl/Public/videos/364486142@qq.com_1428249349_439462054.mp4
ERR: 无法加载模块:MAD

[ 2015-08-31T10:54:26+08:00 ] 127.0.0.1 /www
ERR: 无法加载模块:www

[ 2015-08-31T10:54:26+08:00 ] 127.0.0.1 //MAD/Modules/Index/Tpl/Public/videos/364486142@qq.com_1428249349_439462054.mp4
ERR: 无法加载模块:MAD

[ 2015-08-31T10:54:37+08:00 ] 127.0.0.1 /www
ERR: 无法加载模块:www

[ 2015-08-31T10:54:37+08:00 ] 127.0.0.1 //MAD/Modules/Index/Tpl/Public/videos/364486142@qq.com_1428249349_439462054.mp4
ERR: 无法加载模块:MAD

[ 2015-08-31T10:55:09+08:00 ] 127.0.0.1 /www
ERR: 无法加载模块:www

[ 2015-08-31T10:55:09+08:00 ] 127.0.0.1 //MAD/Modules/Index/Tpl/Public/videos/364486142@qq.com_1428249349_439462054.mp4
ERR: 无法加载模块:MAD

[ 2015-08-31T11:13:22+08:00 ] 127.0.0.1 /VideoDetail/sendMsg
INFO: [ app_begin ] --START--
INFO: ReadHtmlCache Behavior ::run [ RunTime:0.001000s ]
INFO: [ app_begin ] --END-- [ RunTime:0.001000s ]
NOTIC: [8] Undefined index: ispassword E:\huasuhui\GRProject\drawmadTest\MAD\Common\common.php 第 168 行.
NOTIC: [8] Undefined index: b618aa3c36e9ee44e3f75312036844af E:\huasuhui\GRProject\drawmadTest\MAD\Common\common.php 第 173 行.
NOTIC: [8192] mysql_connect(): The mysql extension is deprecated and will be removed in the future: use mysqli or PDO instead E:\huasuhui\GRProject\drawmadTest\ThinkPHP\Lib\Driver\Db\DbMysql.class.php 第 55 行.
SQL: select * from notice
where id not in (
select notice_id from user_notice
where user_id = 5000
) and type = '3'

UNION ALL

select * from notice 
where id not in (
select notice_id from user_notice
where user_id = 5000
) and type = '4' and user_id = 5000
 [ RunTime:0.000000s ]
SQL: select a.*, b.message, b.date as notice_date
from user_notice a
LEFT JOIN notice b on a.notice_id = b.id
where a.user_id = 5000 and a.type in (3,4) and a.is_del = 0
and a.state = 0

ORDER BY b.date desc [ RunTime:0.001000s ]
NOTIC: [2] Missing argument 1 for Model::query(), called in E:\huasuhui\GRProject\drawmadTest\MAD\Modules\Index\Action\VideoDetailAction.class.php on line 290 and defined E:\huasuhui\GRProject\drawmadTest\ThinkPHP\Lib\Core\Model.class.php 第 1119 行.
NOTIC: [8] Undefined variable: sql E:\huasuhui\GRProject\drawmadTest\ThinkPHP\Lib\Core\Model.class.php 第 1124 行.
SQL:  [ RunTime:0.000000s ]
ERR: 1065:Query was empty
SQL: SHOW COLUMNS FROM `video_comments` [ RunTime:0.002000s ]
SQL: INSERT INTO `video_comments` (`time`,`video_id`,`content`,`parent_id`,`user_id`,`username`,`nick_name`,`user_img`,`num_floor`) VALUES ('2015-08-31 11:13:22',10013,'6',0,5000,'wuliao','无聊你妹','hed_5000.png',null) [ RunTime:0.053003s ]

[ 2015-08-31T11:13:28+08:00 ] 127.0.0.1 /www
ERR: 无法加载模块:www

[ 2015-08-31T11:13:28+08:00 ] 127.0.0.1 //MAD/Modules/Index/Tpl/Public/videos/364486142@qq.com_1428249349_439462054.mp4
ERR: 无法加载模块:MAD

[ 2015-08-31T11:13:39+08:00 ] 127.0.0.1 /www
ERR: 无法加载模块:www

[ 2015-08-31T11:14:39+08:00 ] 127.0.0.1 /www
ERR: 无法加载模块:www

[ 2015-08-31T11:14:39+08:00 ] 127.0.0.1 //MAD/Modules/Index/Tpl/Public/videos/364486142@qq.com_1428249349_439462054.mp4
ERR: 无法加载模块:MAD

[ 2015-08-31T11:17:11+08:00 ] 127.0.0.1 /www
ERR: 无法加载模块:www

[ 2015-08-31T11:17:11+08:00 ] 127.0.0.1 //MAD/Modules/Index/Tpl/Public/videos/364486142@qq.com_1428249349_439462054.mp4
ERR: 无法加载模块:MAD

[ 2015-08-31T11:17:14+08:00 ] 127.0.0.1 /VideoDetail/sendMsg
INFO: [ app_begin ] --START--
INFO: ReadHtmlCache Behavior ::run [ RunTime:0.000000s ]
INFO: [ app_begin ] --END-- [ RunTime:0.000000s ]
NOTIC: [8] Undefined index: ispassword E:\huasuhui\GRProject\drawmadTest\MAD\Common\common.php 第 168 行.
NOTIC: [8] Undefined index: b618aa3c36e9ee44e3f75312036844af E:\huasuhui\GRProject\drawmadTest\MAD\Common\common.php 第 173 行.
NOTIC: [8192] mysql_connect(): The mysql extension is deprecated and will be removed in the future: use mysqli or PDO instead E:\huasuhui\GRProject\drawmadTest\ThinkPHP\Lib\Driver\Db\DbMysql.class.php 第 55 行.
SQL: select * from notice
where id not in (
select notice_id from user_notice
where user_id = 5000
) and type = '3'

UNION ALL

select * from notice 
where id not in (
select notice_id from user_notice
where user_id = 5000
) and type = '4' and user_id = 5000
 [ RunTime:0.001000s ]
SQL: select a.*, b.message, b.date as notice_date
from user_notice a
LEFT JOIN notice b on a.notice_id = b.id
where a.user_id = 5000 and a.type in (3,4) and a.is_del = 0
and a.state = 0

ORDER BY b.date desc [ RunTime:0.000000s ]
SQL: 			select ifnull(max(num_floor) + 1, 1) as num_floor 
			from video_comments
			where video_id =  10013 [ RunTime:0.000000s ]
SQL: SHOW COLUMNS FROM `video_comments` [ RunTime:0.002000s ]
NOTIC: [8] Undefined offset: 0 E:\huasuhui\GRProject\drawmadTest\ThinkPHP\Lib\Core\Db.class.php 第 702 行.
SQL: INSERT INTO `video_comments` (`time`,`video_id`,`content`,`parent_id`,`user_id`,`username`,`nick_name`,`user_img`) VALUES ('2015-08-31 11:17:14',10013,'6',0,5000,'wuliao','无聊你妹','hed_5000.png') [ RunTime:0.038002s ]

[ 2015-08-31T11:17:16+08:00 ] 127.0.0.1 /www
ERR: 无法加载模块:www

[ 2015-08-31T11:17:16+08:00 ] 127.0.0.1 //MAD/Modules/Index/Tpl/Public/videos/364486142@qq.com_1428249349_439462054.mp4
ERR: 无法加载模块:MAD

[ 2015-08-31T11:17:37+08:00 ] 127.0.0.1 /www
ERR: 无法加载模块:www

[ 2015-08-31T11:17:37+08:00 ] 127.0.0.1 //MAD/Modules/Index/Tpl/Public/videos/364486142@qq.com_1428249349_439462054.mp4
ERR: 无法加载模块:MAD

[ 2015-08-31T11:17:41+08:00 ] 127.0.0.1 /www
ERR: 无法加载模块:www

[ 2015-08-31T11:17:41+08:00 ] 127.0.0.1 //MAD/Modules/Index/Tpl/Public/videos/364486142@qq.com_1428249349_439462054.mp4
ERR: 无法加载模块:MAD

[ 2015-08-31T11:17:47+08:00 ] 127.0.0.1 /VideoDetail/sendMsg
INFO: [ app_begin ] --START--
INFO: ReadHtmlCache Behavior ::run [ RunTime:0.002000s ]
INFO: [ app_begin ] --END-- [ RunTime:0.002000s ]
NOTIC: [8] Undefined index: ispassword E:\huasuhui\GRProject\drawmadTest\MAD\Common\common.php 第 168 行.
NOTIC: [8] Undefined index: b618aa3c36e9ee44e3f75312036844af E:\huasuhui\GRProject\drawmadTest\MAD\Common\common.php 第 173 行.
NOTIC: [8192] mysql_connect(): The mysql extension is deprecated and will be removed in the future: use mysqli or PDO instead E:\huasuhui\GRProject\drawmadTest\ThinkPHP\Lib\Driver\Db\DbMysql.class.php 第 55 行.
SQL: select * from notice
where id not in (
select notice_id from user_notice
where user_id = 5000
) and type = '3'

UNION ALL

select * from notice 
where id not in (
select notice_id from user_notice
where user_id = 5000
) and type = '4' and user_id = 5000
 [ RunTime:0.000000s ]
SQL: select a.*, b.message, b.date as notice_date
from user_notice a
LEFT JOIN notice b on a.notice_id = b.id
where a.user_id = 5000 and a.type in (3,4) and a.is_del = 0
and a.state = 0

ORDER BY b.date desc [ RunTime:0.000000s ]
SQL: 			select ifnull(max(num_floor) + 1, 1) as num_floor 
			from video_comments
			where video_id =  10013 [ RunTime:0.001000s ]

[ 2015-08-31T11:18:10+08:00 ] 127.0.0.1 /VideoDetail/sendMsg
INFO: [ app_begin ] --START--
INFO: ReadHtmlCache Behavior ::run [ RunTime:0.000000s ]
INFO: [ app_begin ] --END-- [ RunTime:0.000000s ]
NOTIC: [8] Undefined index: ispassword E:\huasuhui\GRProject\drawmadTest\MAD\Common\common.php 第 168 行.
NOTIC: [8] Undefined index: b618aa3c36e9ee44e3f75312036844af E:\huasuhui\GRProject\drawmadTest\MAD\Common\common.php 第 173 行.
NOTIC: [8192] mysql_connect(): The mysql extension is deprecated and will be removed in the future: use mysqli or PDO instead E:\huasuhui\GRProject\drawmadTest\ThinkPHP\Lib\Driver\Db\DbMysql.class.php 第 55 行.
SQL: select * from notice
where id not in (
select notice_id from user_notice
where user_id = 5000
) and type = '3'

UNION ALL

select * from notice 
where id not in (
select notice_id from user_notice
where user_id = 5000
) and type = '4' and user_id = 5000
 [ RunTime:0.001000s ]
SQL: select a.*, b.message, b.date as notice_date
from user_notice a
LEFT JOIN notice b on a.notice_id = b.id
where a.user_id = 5000 and a.type in (3,4) and a.is_del = 0
and a.state = 0

ORDER BY b.date desc [ RunTime:0.001000s ]
SQL: 			select ifnull(max(num_floor) + 1, 1) as num_floor 
			from video_comments
			where video_id =  10013 [ RunTime:0.000000s ]

[ 2015-08-31T11:18:25+08:00 ] 127.0.0.1 /VideoDetail/sendMsg
INFO: [ app_begin ] --START--
INFO: ReadHtmlCache Behavior ::run [ RunTime:0.000000s ]
INFO: [ app_begin ] --END-- [ RunTime:0.001000s ]
NOTIC: [8] Undefined index: ispassword E:\huasuhui\GRProject\drawmadTest\MAD\Common\common.php 第 168 行.
NOTIC: [8] Undefined index: b618aa3c36e9ee44e3f75312036844af E:\huasuhui\GRProject\drawmadTest\MAD\Common\common.php 第 173 行.
NOTIC: [8192] mysql_connect(): The mysql extension is deprecated and will be removed in the future: use mysqli or PDO instead E:\huasuhui\GRProject\drawmadTest\ThinkPHP\Lib\Driver\Db\DbMysql.class.php 第 55 行.
SQL: select * from notice
where id not in (
select notice_id from user_notice
where user_id = 5000
) and type = '3'

UNION ALL

select * from notice 
where id not in (
select notice_id from user_notice
where user_id = 5000
) and type = '4' and user_id = 5000
 [ RunTime:0.001000s ]
SQL: select a.*, b.message, b.date as notice_date
from user_notice a
LEFT JOIN notice b on a.notice_id = b.id
where a.user_id = 5000 and a.type in (3,4) and a.is_del = 0
and a.state = 0

ORDER BY b.date desc [ RunTime:0.001000s ]
SQL: 			select ifnull(max(num_floor) + 1, 1) as num_floor 
			from video_comments
			where video_id =  10013 [ RunTime:0.000000s ]

[ 2015-08-31T11:18:38+08:00 ] 127.0.0.1 /www
ERR: 无法加载模块:www

[ 2015-08-31T11:18:38+08:00 ] 127.0.0.1 //MAD/Modules/Index/Tpl/Public/videos/364486142@qq.com_1428249349_439462054.mp4
ERR: 无法加载模块:MAD

[ 2015-08-31T11:18:41+08:00 ] 127.0.0.1 /VideoDetail/sendMsg
INFO: [ app_begin ] --START--
INFO: ReadHtmlCache Behavior ::run [ RunTime:0.001000s ]
INFO: [ app_begin ] --END-- [ RunTime:0.001000s ]
NOTIC: [8] Undefined index: ispassword E:\huasuhui\GRProject\drawmadTest\MAD\Common\common.php 第 168 行.
NOTIC: [8] Undefined index: b618aa3c36e9ee44e3f75312036844af E:\huasuhui\GRProject\drawmadTest\MAD\Common\common.php 第 173 行.
NOTIC: [8192] mysql_connect(): The mysql extension is deprecated and will be removed in the future: use mysqli or PDO instead E:\huasuhui\GRProject\drawmadTest\ThinkPHP\Lib\Driver\Db\DbMysql.class.php 第 55 行.
SQL: select * from notice
where id not in (
select notice_id from user_notice
where user_id = 5000
) and type = '3'

UNION ALL

select * from notice 
where id not in (
select notice_id from user_notice
where user_id = 5000
) and type = '4' and user_id = 5000
 [ RunTime:0.001000s ]
SQL: select a.*, b.message, b.date as notice_date
from user_notice a
LEFT JOIN notice b on a.notice_id = b.id
where a.user_id = 5000 and a.type in (3,4) and a.is_del = 0
and a.state = 0

ORDER BY b.date desc [ RunTime:0.000000s ]
SQL: 			select ifnull(max(num_floor) + 1, 1) as num_floor 
			from video_comments
			where video_id =  10013 [ RunTime:0.000000s ]
SQL: SHOW COLUMNS FROM `video_comments` [ RunTime:0.002000s ]
SQL: INSERT INTO `video_comments` (`time`,`video_id`,`content`,`parent_id`,`user_id`,`username`,`nick_name`,`user_img`,`num_floor`) VALUES ('2015-08-31 11:18:41',10013,'t',0,5000,'wuliao','无聊你妹','hed_5000.png',1) [ RunTime:0.034002s ]

[ 2015-08-31T11:22:19+08:00 ] 127.0.0.1 /www
ERR: 无法加载模块:www

[ 2015-08-31T11:22:19+08:00 ] 127.0.0.1 //MAD/Modules/Index/Tpl/Public/videos/364486142@qq.com_1428249349_439462054.mp4
ERR: 无法加载模块:MAD

[ 2015-08-31T11:22:28+08:00 ] 127.0.0.1 /www
ERR: 无法加载模块:www

[ 2015-08-31T11:22:28+08:00 ] 127.0.0.1 //MAD/Modules/Index/Tpl/Public/videos/364486142@qq.com_1428249349_439462054.mp4
ERR: 无法加载模块:MAD

[ 2015-08-31T11:22:54+08:00 ] 127.0.0.1 /www
ERR: 无法加载模块:www

[ 2015-08-31T11:22:54+08:00 ] 127.0.0.1 //MAD/Modules/Index/Tpl/Public/videos/364486142@qq.com_1428249349_439462054.mp4
ERR: 无法加载模块:MAD

[ 2015-08-31T11:23:23+08:00 ] 127.0.0.1 /www
ERR: 无法加载模块:www

[ 2015-08-31T11:23:23+08:00 ] 127.0.0.1 //MAD/Modules/Index/Tpl/Public/videos/364486142@qq.com_1428249349_439462054.mp4
ERR: 无法加载模块:MAD

[ 2015-08-31T11:48:33+08:00 ] 127.0.0.1 /www
ERR: 无法加载模块:www

[ 2015-08-31T11:48:33+08:00 ] 127.0.0.1 //MAD/Modules/Index/Tpl/Public/videos/364486142@qq.com_1428249349_439462054.mp4
ERR: 无法加载模块:MAD

[ 2015-08-31T11:48:42+08:00 ] 127.0.0.1 /VideoDetail/sendMsg
INFO: [ app_begin ] --START--
INFO: ReadHtmlCache Behavior ::run [ RunTime:0.001000s ]
INFO: [ app_begin ] --END-- [ RunTime:0.002000s ]
NOTIC: [8] Undefined index: ispassword E:\huasuhui\GRProject\drawmadTest\MAD\Common\common.php 第 168 行.
NOTIC: [8] Undefined index: b618aa3c36e9ee44e3f75312036844af E:\huasuhui\GRProject\drawmadTest\MAD\Common\common.php 第 173 行.
NOTIC: [8192] mysql_connect(): The mysql extension is deprecated and will be removed in the future: use mysqli or PDO instead E:\huasuhui\GRProject\drawmadTest\ThinkPHP\Lib\Driver\Db\DbMysql.class.php 第 55 行.
SQL: select * from notice
where id not in (
select notice_id from user_notice
where user_id = 5000
) and type = '3'

UNION ALL

select * from notice 
where id not in (
select notice_id from user_notice
where user_id = 5000
) and type = '4' and user_id = 5000
 [ RunTime:0.001000s ]
SQL: select a.*, b.message, b.date as notice_date
from user_notice a
LEFT JOIN notice b on a.notice_id = b.id
where a.user_id = 5000 and a.type in (3,4) and a.is_del = 0
and a.state = 0

ORDER BY b.date desc [ RunTime:0.000000s ]
SQL: 			select ifnull(max(num_floor) + 1, 1) as num_floor 
			from video_comments
			where video_id =  10013 [ RunTime:0.000000s ]
SQL: SHOW COLUMNS FROM `video_comments` [ RunTime:0.002000s ]
SQL: INSERT INTO `video_comments` (`time`,`video_id`,`content`,`parent_id`,`user_id`,`username`,`nick_name`,`user_img`,`num_floor`) VALUES ('2015-08-31 11:48:41',10013,'b',0,5000,'wuliao','无聊你妹','hed_5000.png',2) [ RunTime:0.042002s ]

[ 2015-08-31T11:50:21+08:00 ] 127.0.0.1 /www
ERR: 无法加载模块:www

[ 2015-08-31T11:50:21+08:00 ] 127.0.0.1 //MAD/Modules/Index/Tpl/Public/videos/364486142@qq.com_1428249349_439462054.mp4
ERR: 无法加载模块:MAD

[ 2015-08-31T11:56:11+08:00 ] 127.0.0.1 /VideoDetail/sendMsg
INFO: [ app_begin ] --START--
INFO: ReadHtmlCache Behavior ::run [ RunTime:0.002000s ]
INFO: [ app_begin ] --END-- [ RunTime:0.002000s ]
NOTIC: [8] Undefined index: ispassword E:\huasuhui\GRProject\drawmadTest\MAD\Common\common.php 第 168 行.
NOTIC: [8] Undefined index: b618aa3c36e9ee44e3f75312036844af E:\huasuhui\GRProject\drawmadTest\MAD\Common\common.php 第 173 行.
NOTIC: [8192] mysql_connect(): The mysql extension is deprecated and will be removed in the future: use mysqli or PDO instead E:\huasuhui\GRProject\drawmadTest\ThinkPHP\Lib\Driver\Db\DbMysql.class.php 第 55 行.
SQL: select * from notice
where id not in (
select notice_id from user_notice
where user_id = 5000
) and type = '3'

UNION ALL

select * from notice 
where id not in (
select notice_id from user_notice
where user_id = 5000
) and type = '4' and user_id = 5000
 [ RunTime:0.000000s ]
SQL: select a.*, b.message, b.date as notice_date
from user_notice a
LEFT JOIN notice b on a.notice_id = b.id
where a.user_id = 5000 and a.type in (3,4) and a.is_del = 0
and a.state = 0

ORDER BY b.date desc [ RunTime:0.000000s ]
SQL: 			select ifnull(max(num_floor) + 1, 1) as num_floor 
			from video_comments
			where video_id =  10013 [ RunTime:0.001000s ]
SQL: SHOW COLUMNS FROM `video_comments` [ RunTime:0.003001s ]
SQL: INSERT INTO `video_comments` (`time`,`video_id`,`content`,`parent_id`,`user_id`,`username`,`nick_name`,`user_img`,`num_floor`) VALUES ('2015-08-31 11:56:11',10013,'gg',0,5000,'wuliao','无聊你妹','hed_5000.png',3) [ RunTime:0.038002s ]

[ 2015-08-31T12:00:00+08:00 ] 127.0.0.1 /www
ERR: 无法加载模块:www

[ 2015-08-31T12:00:00+08:00 ] 127.0.0.1 //MAD/Modules/Index/Tpl/Public/videos/364486142@qq.com_1428249349_439462054.mp4
ERR: 无法加载模块:MAD

[ 2015-08-31T12:00:12+08:00 ] 127.0.0.1 /VideoDetail/sendMsg
INFO: [ app_begin ] --START--
INFO: ReadHtmlCache Behavior ::run [ RunTime:0.002000s ]
INFO: [ app_begin ] --END-- [ RunTime:0.002000s ]
NOTIC: [8] Undefined index: ispassword E:\huasuhui\GRProject\drawmadTest\MAD\Common\common.php 第 168 行.
NOTIC: [8] Undefined index: b618aa3c36e9ee44e3f75312036844af E:\huasuhui\GRProject\drawmadTest\MAD\Common\common.php 第 173 行.
NOTIC: [8192] mysql_connect(): The mysql extension is deprecated and will be removed in the future: use mysqli or PDO instead E:\huasuhui\GRProject\drawmadTest\ThinkPHP\Lib\Driver\Db\DbMysql.class.php 第 55 行.
SQL: select * from notice
where id not in (
select notice_id from user_notice
where user_id = 5000
) and type = '3'

UNION ALL

select * from notice 
where id not in (
select notice_id from user_notice
where user_id = 5000
) and type = '4' and user_id = 5000
 [ RunTime:0.000000s ]
SQL: select a.*, b.message, b.date as notice_date
from user_notice a
LEFT JOIN notice b on a.notice_id = b.id
where a.user_id = 5000 and a.type in (3,4) and a.is_del = 0
and a.state = 0

ORDER BY b.date desc [ RunTime:0.000000s ]
SQL: 			select ifnull(max(num_floor) + 1, 1) as num_floor 
			from video_comments
			where video_id =  10013 [ RunTime:0.000000s ]
SQL: SHOW COLUMNS FROM `video_comments` [ RunTime:0.002000s ]
SQL: INSERT INTO `video_comments` (`time`,`video_id`,`content`,`parent_id`,`user_id`,`username`,`nick_name`,`user_img`,`num_floor`) VALUES ('2015-08-31 12:00:12',10013,'ggg',0,5000,'wuliao','无聊你妹','hed_5000.png',4) [ RunTime:0.031002s ]

[ 2015-08-31T12:00:12+08:00 ] 127.0.0.1 /MAD/Modules/Index/Tpl/Public/user_head/undefined
ERR: 无法加载模块:MAD

[ 2015-08-31T12:02:30+08:00 ] 127.0.0.1 /www
ERR: 无法加载模块:www

[ 2015-08-31T12:02:30+08:00 ] 127.0.0.1 //MAD/Modules/Index/Tpl/Public/videos/364486142@qq.com_1428249349_439462054.mp4
ERR: 无法加载模块:MAD

[ 2015-08-31T12:02:33+08:00 ] 127.0.0.1 /VideoDetail/sendMsg
INFO: [ app_begin ] --START--
INFO: ReadHtmlCache Behavior ::run [ RunTime:0.001000s ]
INFO: [ app_begin ] --END-- [ RunTime:0.002000s ]
NOTIC: [8] Undefined index: ispassword E:\huasuhui\GRProject\drawmadTest\MAD\Common\common.php 第 168 行.
NOTIC: [8] Undefined index: b618aa3c36e9ee44e3f75312036844af E:\huasuhui\GRProject\drawmadTest\MAD\Common\common.php 第 173 行.
NOTIC: [8192] mysql_connect(): The mysql extension is deprecated and will be removed in the future: use mysqli or PDO instead E:\huasuhui\GRProject\drawmadTest\ThinkPHP\Lib\Driver\Db\DbMysql.class.php 第 55 行.
SQL: select * from notice
where id not in (
select notice_id from user_notice
where user_id = 5000
) and type = '3'

UNION ALL

select * from notice 
where id not in (
select notice_id from user_notice
where user_id = 5000
) and type = '4' and user_id = 5000
 [ RunTime:0.001000s ]
SQL: select a.*, b.message, b.date as notice_date
from user_notice a
LEFT JOIN notice b on a.notice_id = b.id
where a.user_id = 5000 and a.type in (3,4) and a.is_del = 0
and a.state = 0

ORDER BY b.date desc [ RunTime:0.000000s ]
SQL: 			select ifnull(max(num_floor) + 1, 1) as num_floor 
			from video_comments
			where video_id =  10013 [ RunTime:0.000000s ]
SQL: SHOW COLUMNS FROM `video_comments` [ RunTime:0.002000s ]
SQL: INSERT INTO `video_comments` (`time`,`video_id`,`content`,`parent_id`,`user_id`,`username`,`nick_name`,`user_img`,`num_floor`) VALUES ('2015-08-31 12:02:33',10013,'gggg',0,5000,'wuliao','无聊你妹','hed_5000.png',5) [ RunTime:0.031002s ]

[ 2015-08-31T13:31:37+08:00 ] 127.0.0.1 /www
ERR: 无法加载模块:www

[ 2015-08-31T13:31:37+08:00 ] 127.0.0.1 //MAD/Modules/Index/Tpl/Public/videos/364486142@qq.com_1428249349_439462054.mp4
ERR: 无法加载模块:MAD

[ 2015-08-31T13:31:58+08:00 ] 127.0.0.1 /www
ERR: 无法加载模块:www

[ 2015-08-31T13:31:58+08:00 ] 127.0.0.1 //MAD/Modules/Index/Tpl/Public/videos/364486142@qq.com_1428249349_439462054.mp4
ERR: 无法加载模块:MAD

[ 2015-08-31T13:32:06+08:00 ] 127.0.0.1 /VideoDetail/del_pl
INFO: [ app_begin ] --START--
INFO: ReadHtmlCache Behavior ::run [ RunTime:0.001001s ]
INFO: [ app_begin ] --END-- [ RunTime:0.001001s ]
NOTIC: [8] Undefined index: ispassword E:\huasuhui\GRProject\drawmadTest\MAD\Common\common.php 第 168 行.
NOTIC: [8] Undefined index: b618aa3c36e9ee44e3f75312036844af E:\huasuhui\GRProject\drawmadTest\MAD\Common\common.php 第 173 行.
NOTIC: [8192] mysql_connect(): The mysql extension is deprecated and will be removed in the future: use mysqli or PDO instead E:\huasuhui\GRProject\drawmadTest\ThinkPHP\Lib\Driver\Db\DbMysql.class.php 第 55 行.
SQL: select * from notice
where id not in (
select notice_id from user_notice
where user_id = 5000
) and type = '3'

UNION ALL

select * from notice 
where id not in (
select notice_id from user_notice
where user_id = 5000
) and type = '4' and user_id = 5000
 [ RunTime:0.001000s ]
SQL: select a.*, b.message, b.date as notice_date
from user_notice a
LEFT JOIN notice b on a.notice_id = b.id
where a.user_id = 5000 and a.type in (3,4) and a.is_del = 0
and a.state = 0

ORDER BY b.date desc [ RunTime:0.001000s ]
SQL: SHOW COLUMNS FROM `video_comments` [ RunTime:0.002000s ]
SQL: UPDATE `video_comments` SET `is_del`=1 WHERE ( `user_id` = 5000 ) AND ( `id` = 407 ) [ RunTime:0.034002s ]

[ 2015-08-31T13:32:16+08:00 ] 127.0.0.1 /www
ERR: 无法加载模块:www

[ 2015-08-31T13:32:16+08:00 ] 127.0.0.1 //MAD/Modules/Index/Tpl/Public/videos/364486142@qq.com_1428249349_439462054.mp4
ERR: 无法加载模块:MAD

[ 2015-08-31T13:38:26+08:00 ] 127.0.0.1 /www
ERR: 无法加载模块:www

[ 2015-08-31T13:38:26+08:00 ] 127.0.0.1 //MAD/Modules/Index/Tpl/Public/videos/364486142@qq.com_1428249349_439462054.mp4
ERR: 无法加载模块:MAD

[ 2015-08-31T13:38:29+08:00 ] 127.0.0.1 /www
ERR: 无法加载模块:www

[ 2015-08-31T13:38:30+08:00 ] 127.0.0.1 //MAD/Modules/Index/Tpl/Public/videos/364486142@qq.com_1428249349_439462054.mp4
ERR: 无法加载模块:MAD

[ 2015-08-31T13:38:32+08:00 ] 127.0.0.1 /www
ERR: 无法加载模块:www

[ 2015-08-31T13:38:32+08:00 ] 127.0.0.1 //MAD/Modules/Index/Tpl/Public/videos/364486142@qq.com_1428249349_439462054.mp4
ERR: 无法加载模块:MAD

[ 2015-08-31T13:39:19+08:00 ] 127.0.0.1 /www
ERR: 无法加载模块:www

[ 2015-08-31T13:39:19+08:00 ] 127.0.0.1 //MAD/Modules/Index/Tpl/Public/videos/364486142@qq.com_1428249349_439462054.mp4
ERR: 无法加载模块:MAD

[ 2015-08-31T13:40:18+08:00 ] 127.0.0.1 /www
ERR: 无法加载模块:www

[ 2015-08-31T13:40:18+08:00 ] 127.0.0.1 //MAD/Modules/Index/Tpl/Public/videos/364486142@qq.com_1428249349_439462054.mp4
ERR: 无法加载模块:MAD

[ 2015-08-31T13:43:00+08:00 ] 127.0.0.1 /www
ERR: 无法加载模块:www

[ 2015-08-31T13:43:00+08:00 ] 127.0.0.1 //MAD/Modules/Index/Tpl/Public/videos/364486142@qq.com_1428249349_439462054.mp4
ERR: 无法加载模块:MAD

[ 2015-08-31T13:43:21+08:00 ] 127.0.0.1 /www
ERR: 无法加载模块:www

[ 2015-08-31T13:43:21+08:00 ] 127.0.0.1 //MAD/Modules/Index/Tpl/Public/videos/364486142@qq.com_1428249349_439462054.mp4
ERR: 无法加载模块:MAD

[ 2015-08-31T13:44:05+08:00 ] 127.0.0.1 /www
ERR: 无法加载模块:www

[ 2015-08-31T13:44:05+08:00 ] 127.0.0.1 //MAD/Modules/Index/Tpl/Public/videos/364486142@qq.com_1428249349_439462054.mp4
ERR: 无法加载模块:MAD

[ 2015-08-31T13:45:22+08:00 ] 127.0.0.1 /VideoDetail/sendMsg
INFO: [ app_begin ] --START--
INFO: ReadHtmlCache Behavior ::run [ RunTime:0.002000s ]
INFO: [ app_begin ] --END-- [ RunTime:0.002000s ]
NOTIC: [8] Undefined index: ispassword E:\huasuhui\GRProject\drawmadTest\MAD\Common\common.php 第 168 行.
NOTIC: [8] Undefined index: b618aa3c36e9ee44e3f75312036844af E:\huasuhui\GRProject\drawmadTest\MAD\Common\common.php 第 173 行.
NOTIC: [8192] mysql_connect(): The mysql extension is deprecated and will be removed in the future: use mysqli or PDO instead E:\huasuhui\GRProject\drawmadTest\ThinkPHP\Lib\Driver\Db\DbMysql.class.php 第 55 行.
SQL: select * from notice
where id not in (
select notice_id from user_notice
where user_id = 5000
) and type = '3'

UNION ALL

select * from notice 
where id not in (
select notice_id from user_notice
where user_id = 5000
) and type = '4' and user_id = 5000
 [ RunTime:0.001000s ]
SQL: select a.*, b.message, b.date as notice_date
from user_notice a
LEFT JOIN notice b on a.notice_id = b.id
where a.user_id = 5000 and a.type in (3,4) and a.is_del = 0
and a.state = 0

ORDER BY b.date desc [ RunTime:0.001000s ]
SQL: 			select ifnull(max(num_floor) + 1, 1) as num_floor 
			from video_comments
			where video_id =  10013 [ RunTime:0.001000s ]
SQL: SHOW COLUMNS FROM `video_comments` [ RunTime:0.003000s ]
SQL: INSERT INTO `video_comments` (`time`,`video_id`,`content`,`parent_id`,`user_id`,`username`,`nick_name`,`user_img`,`num_floor`) VALUES ('2015-08-31 13:45:22',10013,'ggggg',0,5000,'wuliao','无聊你妹','hed_5000.png',6) [ RunTime:0.044002s ]

[ 2015-08-31T13:53:52+08:00 ] 127.0.0.1 /www
ERR: 无法加载模块:www

[ 2015-08-31T13:53:52+08:00 ] 127.0.0.1 //MAD/Modules/Index/Tpl/Public/videos/364486142@qq.com_1428249349_439462054.mp4
ERR: 无法加载模块:MAD

[ 2015-08-31T13:55:12+08:00 ] 127.0.0.1 /www
ERR: 无法加载模块:www

[ 2015-08-31T13:55:12+08:00 ] 127.0.0.1 //MAD/Modules/Index/Tpl/Public/videos/364486142@qq.com_1428249349_439462054.mp4
ERR: 无法加载模块:MAD

[ 2015-08-31T13:55:13+08:00 ] 127.0.0.1 /www
ERR: 无法加载模块:www

[ 2015-08-31T13:55:13+08:00 ] 127.0.0.1 //MAD/Modules/Index/Tpl/Public/videos/364486142@qq.com_1428249349_439462054.mp4
ERR: 无法加载模块:MAD

[ 2015-08-31T13:55:17+08:00 ] 127.0.0.1 /VideoDetail/sendMsg
INFO: [ app_begin ] --START--
INFO: ReadHtmlCache Behavior ::run [ RunTime:0.002000s ]
INFO: [ app_begin ] --END-- [ RunTime:0.002000s ]
NOTIC: [8] Undefined index: ispassword E:\huasuhui\GRProject\drawmadTest\MAD\Common\common.php 第 168 行.
NOTIC: [8] Undefined index: b618aa3c36e9ee44e3f75312036844af E:\huasuhui\GRProject\drawmadTest\MAD\Common\common.php 第 173 行.
NOTIC: [8192] mysql_connect(): The mysql extension is deprecated and will be removed in the future: use mysqli or PDO instead E:\huasuhui\GRProject\drawmadTest\ThinkPHP\Lib\Driver\Db\DbMysql.class.php 第 55 行.
SQL: select * from notice
where id not in (
select notice_id from user_notice
where user_id = 5000
) and type = '3'

UNION ALL

select * from notice 
where id not in (
select notice_id from user_notice
where user_id = 5000
) and type = '4' and user_id = 5000
 [ RunTime:0.001000s ]
SQL: select a.*, b.message, b.date as notice_date
from user_notice a
LEFT JOIN notice b on a.notice_id = b.id
where a.user_id = 5000 and a.type in (3,4) and a.is_del = 0
and a.state = 0

ORDER BY b.date desc [ RunTime:0.001000s ]
SQL: 			select ifnull(max(num_floor) + 1, 1) as num_floor 
			from video_comments
			where video_id =  10013 [ RunTime:0.001000s ]
SQL: SHOW COLUMNS FROM `video_comments` [ RunTime:0.003000s ]
SQL: INSERT INTO `video_comments` (`time`,`video_id`,`content`,`parent_id`,`user_id`,`username`,`nick_name`,`user_img`,`num_floor`) VALUES ('2015-08-31 13:55:17',10013,'gggggg',0,5000,'wuliao','无聊你妹','hed_5000.png',7) [ RunTime:0.030001s ]

[ 2015-08-31T14:08:57+08:00 ] 127.0.0.1 /www
ERR: 无法加载模块:www

[ 2015-08-31T14:08:57+08:00 ] 127.0.0.1 //MAD/Modules/Index/Tpl/Public/videos/364486142@qq.com_1428249349_439462054.mp4
ERR: 无法加载模块:MAD

[ 2015-08-31T14:09:03+08:00 ] 127.0.0.1 /VideoDetail/sendMsg
INFO: [ app_begin ] --START--
INFO: ReadHtmlCache Behavior ::run [ RunTime:0.002000s ]
INFO: [ app_begin ] --END-- [ RunTime:0.002000s ]
NOTIC: [8] Undefined index: ispassword E:\huasuhui\GRProject\drawmadTest\MAD\Common\common.php 第 168 行.
NOTIC: [8] Undefined index: b618aa3c36e9ee44e3f75312036844af E:\huasuhui\GRProject\drawmadTest\MAD\Common\common.php 第 173 行.
NOTIC: [8192] mysql_connect(): The mysql extension is deprecated and will be removed in the future: use mysqli or PDO instead E:\huasuhui\GRProject\drawmadTest\ThinkPHP\Lib\Driver\Db\DbMysql.class.php 第 55 行.
SQL: select * from notice
where id not in (
select notice_id from user_notice
where user_id = 5000
) and type = '3'

UNION ALL

select * from notice 
where id not in (
select notice_id from user_notice
where user_id = 5000
) and type = '4' and user_id = 5000
 [ RunTime:0.001000s ]
SQL: select a.*, b.message, b.date as notice_date
from user_notice a
LEFT JOIN notice b on a.notice_id = b.id
where a.user_id = 5000 and a.type in (3,4) and a.is_del = 0
and a.state = 0

ORDER BY b.date desc [ RunTime:0.001001s ]
SQL: 			select ifnull(max(num_floor) + 1, 1) as num_floor 
			from video_comments
			where video_id =  10013 [ RunTime:0.000000s ]
SQL: SHOW COLUMNS FROM `video_comments` [ RunTime:0.002000s ]
SQL: INSERT INTO `video_comments` (`time`,`video_id`,`content`,`parent_id`,`user_id`,`username`,`nick_name`,`user_img`,`num_floor`) VALUES ('2015-08-31 14:09:03',10013,'gg',0,5000,'wuliao','无聊你妹','hed_5000.png',8) [ RunTime:0.035002s ]

[ 2015-08-31T14:10:02+08:00 ] 127.0.0.1 /www
ERR: 无法加载模块:www

[ 2015-08-31T14:10:02+08:00 ] 127.0.0.1 //MAD/Modules/Index/Tpl/Public/videos/364486142@qq.com_1428249349_439462054.mp4
ERR: 无法加载模块:MAD

[ 2015-08-31T14:14:22+08:00 ] 127.0.0.1 /www
ERR: 无法加载模块:www

[ 2015-08-31T14:14:22+08:00 ] 127.0.0.1 //MAD/Modules/Index/Tpl/Public/videos/364486142@qq.com_1428249349_439462054.mp4
ERR: 无法加载模块:MAD

[ 2015-08-31T14:14:37+08:00 ] 127.0.0.1 /www
ERR: 无法加载模块:www

[ 2015-08-31T14:14:37+08:00 ] 127.0.0.1 //MAD/Modules/Index/Tpl/Public/videos/364486142@qq.com_1428249349_439462054.mp4
ERR: 无法加载模块:MAD

[ 2015-08-31T14:14:38+08:00 ] 127.0.0.1 /www
ERR: 无法加载模块:www

[ 2015-08-31T14:14:38+08:00 ] 127.0.0.1 //MAD/Modules/Index/Tpl/Public/videos/364486142@qq.com_1428249349_439462054.mp4
ERR: 无法加载模块:MAD

[ 2015-08-31T14:15:24+08:00 ] 127.0.0.1 /www
ERR: 无法加载模块:www

[ 2015-08-31T14:15:24+08:00 ] 127.0.0.1 //MAD/Modules/Index/Tpl/Public/videos/364486142@qq.com_1428249349_439462054.mp4
ERR: 无法加载模块:MAD

[ 2015-08-31T14:15:28+08:00 ] 127.0.0.1 /www
ERR: 无法加载模块:www

[ 2015-08-31T14:15:28+08:00 ] 127.0.0.1 //MAD/Modules/Index/Tpl/Public/videos/364486142@qq.com_1428249349_439462054.mp4
ERR: 无法加载模块:MAD

[ 2015-08-31T14:15:31+08:00 ] 127.0.0.1 /VideoDetail/sendMsg
INFO: [ app_begin ] --START--
INFO: ReadHtmlCache Behavior ::run [ RunTime:0.001000s ]
INFO: [ app_begin ] --END-- [ RunTime:0.001000s ]
NOTIC: [8] Undefined index: ispassword E:\huasuhui\GRProject\drawmadTest\MAD\Common\common.php 第 168 行.
NOTIC: [8] Undefined index: b618aa3c36e9ee44e3f75312036844af E:\huasuhui\GRProject\drawmadTest\MAD\Common\common.php 第 173 行.
NOTIC: [8192] mysql_connect(): The mysql extension is deprecated and will be removed in the future: use mysqli or PDO instead E:\huasuhui\GRProject\drawmadTest\ThinkPHP\Lib\Driver\Db\DbMysql.class.php 第 55 行.
SQL: select * from notice
where id not in (
select notice_id from user_notice
where user_id = 5000
) and type = '3'

UNION ALL

select * from notice 
where id not in (
select notice_id from user_notice
where user_id = 5000
) and type = '4' and user_id = 5000
 [ RunTime:0.001000s ]
SQL: select a.*, b.message, b.date as notice_date
from user_notice a
LEFT JOIN notice b on a.notice_id = b.id
where a.user_id = 5000 and a.type in (3,4) and a.is_del = 0
and a.state = 0

ORDER BY b.date desc [ RunTime:0.001000s ]
SQL: 			select ifnull(max(num_floor) + 1, 1) as num_floor 
			from video_comments
			where video_id =  10013 [ RunTime:0.000000s ]
SQL: SHOW COLUMNS FROM `video_comments` [ RunTime:0.002000s ]
SQL: INSERT INTO `video_comments` (`time`,`video_id`,`content`,`parent_id`,`user_id`,`username`,`nick_name`,`user_img`,`num_floor`) VALUES ('2015-08-31 14:15:31',10013,'ggg',0,5000,'wuliao','无聊你妹','hed_5000.png',9) [ RunTime:0.048003s ]

[ 2015-08-31T14:15:44+08:00 ] 127.0.0.1 /www
ERR: 无法加载模块:www

[ 2015-08-31T14:15:44+08:00 ] 127.0.0.1 //MAD/Modules/Index/Tpl/Public/videos/364486142@qq.com_1428249349_439462054.mp4
ERR: 无法加载模块:MAD

[ 2015-08-31T14:15:48+08:00 ] 127.0.0.1 /VideoDetail/sendMsg
INFO: [ app_begin ] --START--
INFO: ReadHtmlCache Behavior ::run [ RunTime:0.001000s ]
INFO: [ app_begin ] --END-- [ RunTime:0.001000s ]
NOTIC: [8] Undefined index: ispassword E:\huasuhui\GRProject\drawmadTest\MAD\Common\common.php 第 168 行.
NOTIC: [8] Undefined index: b618aa3c36e9ee44e3f75312036844af E:\huasuhui\GRProject\drawmadTest\MAD\Common\common.php 第 173 行.
NOTIC: [8192] mysql_connect(): The mysql extension is deprecated and will be removed in the future: use mysqli or PDO instead E:\huasuhui\GRProject\drawmadTest\ThinkPHP\Lib\Driver\Db\DbMysql.class.php 第 55 行.
SQL: select * from notice
where id not in (
select notice_id from user_notice
where user_id = 5000
) and type = '3'

UNION ALL

select * from notice 
where id not in (
select notice_id from user_notice
where user_id = 5000
) and type = '4' and user_id = 5000
 [ RunTime:0.001000s ]
SQL: select a.*, b.message, b.date as notice_date
from user_notice a
LEFT JOIN notice b on a.notice_id = b.id
where a.user_id = 5000 and a.type in (3,4) and a.is_del = 0
and a.state = 0

ORDER BY b.date desc [ RunTime:0.001000s ]
SQL: 			select ifnull(max(num_floor) + 1, 1) as num_floor 
			from video_comments
			where video_id =  10013 [ RunTime:0.001000s ]
SQL: SHOW COLUMNS FROM `video_comments` [ RunTime:0.002000s ]
SQL: INSERT INTO `video_comments` (`time`,`video_id`,`content`,`parent_id`,`user_id`,`username`,`nick_name`,`user_img`,`num_floor`) VALUES ('2015-08-31 14:15:48',10013,'gggg',0,5000,'wuliao','无聊你妹','hed_5000.png',10) [ RunTime:0.029002s ]

[ 2015-08-31T14:15:51+08:00 ] 127.0.0.1 /VideoDetail/del_pl
INFO: [ app_begin ] --START--
INFO: ReadHtmlCache Behavior ::run [ RunTime:0.001000s ]
INFO: [ app_begin ] --END-- [ RunTime:0.001000s ]
NOTIC: [8] Undefined index: ispassword E:\huasuhui\GRProject\drawmadTest\MAD\Common\common.php 第 168 行.
NOTIC: [8] Undefined index: b618aa3c36e9ee44e3f75312036844af E:\huasuhui\GRProject\drawmadTest\MAD\Common\common.php 第 173 行.
NOTIC: [8192] mysql_connect(): The mysql extension is deprecated and will be removed in the future: use mysqli or PDO instead E:\huasuhui\GRProject\drawmadTest\ThinkPHP\Lib\Driver\Db\DbMysql.class.php 第 55 行.
SQL: select * from notice
where id not in (
select notice_id from user_notice
where user_id = 5000
) and type = '3'

UNION ALL

select * from notice 
where id not in (
select notice_id from user_notice
where user_id = 5000
) and type = '4' and user_id = 5000
 [ RunTime:0.001000s ]
SQL: select a.*, b.message, b.date as notice_date
from user_notice a
LEFT JOIN notice b on a.notice_id = b.id
where a.user_id = 5000 and a.type in (3,4) and a.is_del = 0
and a.state = 0

ORDER BY b.date desc [ RunTime:0.001000s ]
SQL: SHOW COLUMNS FROM `video_comments` [ RunTime:0.002000s ]
SQL: UPDATE `video_comments` SET `is_del`=1 WHERE ( `user_id` = 5000 ) AND ( `id` = 414 ) [ RunTime:0.028002s ]

[ 2015-08-31T14:16:24+08:00 ] 127.0.0.1 /www
ERR: 无法加载模块:www

[ 2015-08-31T14:16:24+08:00 ] 127.0.0.1 //MAD/Modules/Index/Tpl/Public/videos/364486142@qq.com_1428249349_439462054.mp4
ERR: 无法加载模块:MAD

[ 2015-08-31T14:21:00+08:00 ] 127.0.0.1 /www
ERR: 无法加载模块:www

[ 2015-08-31T14:21:00+08:00 ] 127.0.0.1 //MAD/Modules/Index/Tpl/Public/videos/364486142@qq.com_1428249349_439462054.mp4
ERR: 无法加载模块:MAD

[ 2015-08-31T15:21:19+08:00 ] 127.0.0.1 /www
ERR: 无法加载模块:www

[ 2015-08-31T15:21:19+08:00 ] 127.0.0.1 //MAD/Modules/Index/Tpl/Public/videos/364486142@qq.com_1428249349_439462054.mp4
ERR: 无法加载模块:MAD

[ 2015-08-31T15:21:23+08:00 ] 127.0.0.1 /www
ERR: 无法加载模块:www

[ 2015-08-31T15:21:23+08:00 ] 127.0.0.1 //MAD/Modules/Index/Tpl/Public/videos/364486142@qq.com_1428249349_439462054.mp4
ERR: 无法加载模块:MAD

[ 2015-08-31T15:21:29+08:00 ] 127.0.0.1 /www
ERR: 无法加载模块:www

[ 2015-08-31T15:21:29+08:00 ] 127.0.0.1 //MAD/Modules/Index/Tpl/Public/videos/364486142@qq.com_1428249349_439462054.mp4
ERR: 无法加载模块:MAD

[ 2015-08-31T15:21:40+08:00 ] 127.0.0.1 /www
ERR: 无法加载模块:www

[ 2015-08-31T15:21:40+08:00 ] 127.0.0.1 //MAD/Modules/Index/Tpl/Public/videos/364486142@qq.com_1428249349_439462054.mp4
ERR: 无法加载模块:MAD

[ 2015-08-31T15:21:42+08:00 ] 127.0.0.1 /VideoDetail/sendMsg
INFO: [ app_begin ] --START--
INFO: ReadHtmlCache Behavior ::run [ RunTime:0.001000s ]
INFO: [ app_begin ] --END-- [ RunTime:0.001000s ]
NOTIC: [8] Undefined index: ispassword E:\huasuhui\GRProject\drawmadTest\MAD\Common\common.php 第 168 行.
NOTIC: [8] Undefined index: b618aa3c36e9ee44e3f75312036844af E:\huasuhui\GRProject\drawmadTest\MAD\Common\common.php 第 173 行.
NOTIC: [8192] mysql_connect(): The mysql extension is deprecated and will be removed in the future: use mysqli or PDO instead E:\huasuhui\GRProject\drawmadTest\ThinkPHP\Lib\Driver\Db\DbMysql.class.php 第 55 行.
SQL: select * from notice
where id not in (
select notice_id from user_notice
where user_id = 5000
) and type = '3'

UNION ALL

select * from notice 
where id not in (
select notice_id from user_notice
where user_id = 5000
) and type = '4' and user_id = 5000
 [ RunTime:0.000000s ]
SQL: select a.*, b.message, b.date as notice_date
from user_notice a
LEFT JOIN notice b on a.notice_id = b.id
where a.user_id = 5000 and a.type in (3,4) and a.is_del = 0
and a.state = 0

ORDER BY b.date desc [ RunTime:0.000000s ]
SQL: 			select ifnull(max(num_floor) + 1, 1) as num_floor 
			from video_comments
			where video_id =  10013 [ RunTime:0.001001s ]
SQL: SHOW COLUMNS FROM `video_comments` [ RunTime:0.002000s ]
SQL: INSERT INTO `video_comments` (`time`,`video_id`,`content`,`parent_id`,`user_id`,`username`,`nick_name`,`user_img`,`num_floor`) VALUES ('2015-08-31 15:21:42',10013,'g',0,5000,'wuliao','无聊你妹','hed_5000.png',11) [ RunTime:0.035002s ]

[ 2015-08-31T15:21:51+08:00 ] 127.0.0.1 /VideoDetail/del_pl
INFO: [ app_begin ] --START--
INFO: ReadHtmlCache Behavior ::run [ RunTime:0.001000s ]
INFO: [ app_begin ] --END-- [ RunTime:0.001000s ]
NOTIC: [8] Undefined index: ispassword E:\huasuhui\GRProject\drawmadTest\MAD\Common\common.php 第 168 行.
NOTIC: [8] Undefined index: b618aa3c36e9ee44e3f75312036844af E:\huasuhui\GRProject\drawmadTest\MAD\Common\common.php 第 173 行.
NOTIC: [8192] mysql_connect(): The mysql extension is deprecated and will be removed in the future: use mysqli or PDO instead E:\huasuhui\GRProject\drawmadTest\ThinkPHP\Lib\Driver\Db\DbMysql.class.php 第 55 行.
SQL: select * from notice
where id not in (
select notice_id from user_notice
where user_id = 5000
) and type = '3'

UNION ALL

select * from notice 
where id not in (
select notice_id from user_notice
where user_id = 5000
) and type = '4' and user_id = 5000
 [ RunTime:0.001000s ]
SQL: select a.*, b.message, b.date as notice_date
from user_notice a
LEFT JOIN notice b on a.notice_id = b.id
where a.user_id = 5000 and a.type in (3,4) and a.is_del = 0
and a.state = 0

ORDER BY b.date desc [ RunTime:0.001000s ]
SQL: SHOW COLUMNS FROM `video_comments` [ RunTime:0.003000s ]
SQL: UPDATE `video_comments` SET `is_del`=1 WHERE ( `user_id` = 5000 ) AND ( `id` = 411 ) [ RunTime:0.050003s ]

[ 2015-08-31T15:21:58+08:00 ] 127.0.0.1 /www
ERR: 无法加载模块:www

[ 2015-08-31T15:21:58+08:00 ] 127.0.0.1 //MAD/Modules/Index/Tpl/Public/videos/364486142@qq.com_1428249349_439462054.mp4
ERR: 无法加载模块:MAD

[ 2015-08-31T15:21:58+08:00 ] 127.0.0.1 /www
ERR: 无法加载模块:www

[ 2015-08-31T15:21:59+08:00 ] 127.0.0.1 /www
ERR: 无法加载模块:www

[ 2015-08-31T15:21:59+08:00 ] 127.0.0.1 //MAD/Modules/Index/Tpl/Public/videos/364486142@qq.com_1428249349_439462054.mp4
ERR: 无法加载模块:MAD

[ 2015-08-31T15:34:26+08:00 ] 127.0.0.1 /www
ERR: 无法加载模块:www

[ 2015-08-31T15:34:26+08:00 ] 127.0.0.1 //MAD/Modules/Index/Tpl/Public/videos/364486142@qq.com_1428249349_439462054.mp4
ERR: 无法加载模块:MAD

[ 2015-08-31T18:36:44+08:00 ] 127.0.0.1 /MAD/Modules/Index/Tpl/Public/uploacdify/uploadify.swf?preventswfcaching=1441017404269
ERR: 无法加载模块:MAD

[ 2015-08-31T18:36:44+08:00 ] 127.0.0.1 /MAD/Modules/Index/Tpl/Public/uploacdify/uploadify.swf?preventswfcaching=1441017404269
ERR: 无法加载模块:MAD

[ 2015-08-31T18:36:44+08:00 ] 127.0.0.1 /MAD/Modules/Index/Tpl/Public/uploacdify/uploadify.swf?preventswfcaching=1441017404269
ERR: 无法加载模块:MAD

