[ 2015-08-18T16:07:24+08:00 ] 127.0.0.1 /
INFO: [ app_begin ] --START--
INFO: ReadHtmlCache Behavior ::run [ RunTime:0.001000s ]
INFO: [ app_begin ] --END-- [ RunTime:0.001000s ]
INFO: [ view_parse ] --START--
NOTIC: [8192] preg_replace(): The /e modifier is deprecated, use preg_replace_callback instead E:\huasuhui\GRProject\drawmadTest\ThinkPHP\Lib\Template\ThinkTemplate.class.php 第 273 行.
NOTIC: [8192] preg_replace(): The /e modifier is deprecated, use preg_replace_callback instead E:\huasuhui\GRProject\drawmadTest\ThinkPHP\Lib\Template\ThinkTemplate.class.php 第 168 行.
NOTIC: [8192] preg_replace(): The /e modifier is deprecated, use preg_replace_callback instead E:\huasuhui\GRProject\drawmadTest\ThinkPHP\Lib\Template\ThinkTemplate.class.php 第 404 行.
NOTIC: [8192] preg_replace(): The /e modifier is deprecated, use preg_replace_callback instead E:\huasuhui\GRProject\drawmadTest\ThinkPHP\Lib\Template\ThinkTemplate.class.php 第 404 行.
NOTIC: [8192] preg_replace(): The /e modifier is deprecated, use preg_replace_callback instead E:\huasuhui\GRProject\drawmadTest\ThinkPHP\Lib\Template\ThinkTemplate.class.php 第 404 行.
NOTIC: [8192] preg_replace(): The /e modifier is deprecated, use preg_replace_callback instead E:\huasuhui\GRProject\drawmadTest\ThinkPHP\Lib\Template\ThinkTemplate.class.php 第 404 行.
NOTIC: [8192] preg_replace(): The /e modifier is deprecated, use preg_replace_callback instead E:\huasuhui\GRProject\drawmadTest\ThinkPHP\Lib\Template\ThinkTemplate.class.php 第 404 行.
NOTIC: [8192] preg_replace(): The /e modifier is deprecated, use preg_replace_callback instead E:\huasuhui\GRProject\drawmadTest\ThinkPHP\Lib\Template\ThinkTemplate.class.php 第 404 行.
NOTIC: [8192] preg_replace(): The /e modifier is deprecated, use preg_replace_callback instead E:\huasuhui\GRProject\drawmadTest\ThinkPHP\Lib\Template\ThinkTemplate.class.php 第 404 行.
NOTIC: [8192] preg_replace(): The /e modifier is deprecated, use preg_replace_callback instead E:\huasuhui\GRProject\drawmadTest\ThinkPHP\Lib\Template\ThinkTemplate.class.php 第 404 行.
NOTIC: [8192] preg_replace(): The /e modifier is deprecated, use preg_replace_callback instead E:\huasuhui\GRProject\drawmadTest\ThinkPHP\Lib\Template\ThinkTemplate.class.php 第 404 行.
NOTIC: [8192] preg_replace(): The /e modifier is deprecated, use preg_replace_callback instead E:\huasuhui\GRProject\drawmadTest\ThinkPHP\Lib\Template\ThinkTemplate.class.php 第 404 行.
NOTIC: [8192] preg_replace(): The /e modifier is deprecated, use preg_replace_callback instead E:\huasuhui\GRProject\drawmadTest\ThinkPHP\Lib\Template\ThinkTemplate.class.php 第 404 行.
NOTIC: [8192] preg_replace(): The /e modifier is deprecated, use preg_replace_callback instead E:\huasuhui\GRProject\drawmadTest\ThinkPHP\Lib\Template\ThinkTemplate.class.php 第 404 行.
NOTIC: [8192] preg_replace(): The /e modifier is deprecated, use preg_replace_callback instead E:\huasuhui\GRProject\drawmadTest\ThinkPHP\Lib\Template\ThinkTemplate.class.php 第 399 行.
NOTIC: [8192] preg_replace(): The /e modifier is deprecated, use preg_replace_callback instead E:\huasuhui\GRProject\drawmadTest\ThinkPHP\Lib\Template\ThinkTemplate.class.php 第 399 行.
NOTIC: [8192] preg_replace(): The /e modifier is deprecated, use preg_replace_callback instead E:\huasuhui\GRProject\drawmadTest\ThinkPHP\Lib\Template\ThinkTemplate.class.php 第 404 行.
NOTIC: [8192] preg_replace(): The /e modifier is deprecated, use preg_replace_callback instead E:\huasuhui\GRProject\drawmadTest\ThinkPHP\Lib\Template\ThinkTemplate.class.php 第 404 行.
NOTIC: [8192] preg_replace(): The /e modifier is deprecated, use preg_replace_callback instead E:\huasuhui\GRProject\drawmadTest\ThinkPHP\Lib\Template\ThinkTemplate.class.php 第 404 行.
NOTIC: [8192] preg_replace(): The /e modifier is deprecated, use preg_replace_callback instead E:\huasuhui\GRProject\drawmadTest\ThinkPHP\Lib\Template\ThinkTemplate.class.php 第 399 行.
NOTIC: [8192] preg_replace(): The /e modifier is deprecated, use preg_replace_callback instead E:\huasuhui\GRProject\drawmadTest\ThinkPHP\Lib\Template\ThinkTemplate.class.php 第 404 行.
NOTIC: [8192] preg_replace(): The /e modifier is deprecated, use preg_replace_callback instead E:\huasuhui\GRProject\drawmadTest\ThinkPHP\Lib\Template\ThinkTemplate.class.php 第 404 行.
NOTIC: [8192] preg_replace(): The /e modifier is deprecated, use preg_replace_callback instead E:\huasuhui\GRProject\drawmadTest\ThinkPHP\Lib\Template\ThinkTemplate.class.php 第 404 行.
NOTIC: [8192] preg_replace(): The /e modifier is deprecated, use preg_replace_callback instead E:\huasuhui\GRProject\drawmadTest\ThinkPHP\Lib\Template\ThinkTemplate.class.php 第 404 行.
NOTIC: [8192] preg_replace(): The /e modifier is deprecated, use preg_replace_callback instead E:\huasuhui\GRProject\drawmadTest\ThinkPHP\Lib\Template\ThinkTemplate.class.php 第 404 行.
NOTIC: [8192] preg_replace(): The /e modifier is deprecated, use preg_replace_callback instead E:\huasuhui\GRProject\drawmadTest\ThinkPHP\Lib\Template\ThinkTemplate.class.php 第 404 行.
NOTIC: [8192] preg_replace(): The /e modifier is deprecated, use preg_replace_callback instead E:\huasuhui\GRProject\drawmadTest\ThinkPHP\Lib\Template\ThinkTemplate.class.php 第 404 行.
NOTIC: [8192] preg_replace(): The /e modifier is deprecated, use preg_replace_callback instead E:\huasuhui\GRProject\drawmadTest\ThinkPHP\Lib\Template\ThinkTemplate.class.php 第 404 行.
NOTIC: [8192] preg_replace(): The /e modifier is deprecated, use preg_replace_callback instead E:\huasuhui\GRProject\drawmadTest\ThinkPHP\Lib\Template\ThinkTemplate.class.php 第 404 行.
NOTIC: [8192] preg_replace(): The /e modifier is deprecated, use preg_replace_callback instead E:\huasuhui\GRProject\drawmadTest\ThinkPHP\Lib\Template\ThinkTemplate.class.php 第 404 行.
NOTIC: [8192] preg_replace(): The /e modifier is deprecated, use preg_replace_callback instead E:\huasuhui\GRProject\drawmadTest\ThinkPHP\Lib\Template\ThinkTemplate.class.php 第 404 行.
NOTIC: [8192] preg_replace(): The /e modifier is deprecated, use preg_replace_callback instead E:\huasuhui\GRProject\drawmadTest\ThinkPHP\Lib\Template\ThinkTemplate.class.php 第 404 行.
NOTIC: [8192] preg_replace(): The /e modifier is deprecated, use preg_replace_callback instead E:\huasuhui\GRProject\drawmadTest\ThinkPHP\Lib\Template\ThinkTemplate.class.php 第 404 行.
NOTIC: [8192] preg_replace(): The /e modifier is deprecated, use preg_replace_callback instead E:\huasuhui\GRProject\drawmadTest\ThinkPHP\Lib\Template\ThinkTemplate.class.php 第 404 行.
NOTIC: [8192] preg_replace(): The /e modifier is deprecated, use preg_replace_callback instead E:\huasuhui\GRProject\drawmadTest\ThinkPHP\Lib\Template\ThinkTemplate.class.php 第 404 行.
NOTIC: [8192] preg_replace(): The /e modifier is deprecated, use preg_replace_callback instead E:\huasuhui\GRProject\drawmadTest\ThinkPHP\Lib\Template\ThinkTemplate.class.php 第 404 行.
NOTIC: [8192] preg_replace(): The /e modifier is deprecated, use preg_replace_callback instead E:\huasuhui\GRProject\drawmadTest\ThinkPHP\Lib\Template\ThinkTemplate.class.php 第 404 行.
NOTIC: [8192] preg_replace(): The /e modifier is deprecated, use preg_replace_callback instead E:\huasuhui\GRProject\drawmadTest\ThinkPHP\Lib\Template\ThinkTemplate.class.php 第 404 行.
NOTIC: [8192] preg_replace(): The /e modifier is deprecated, use preg_replace_callback instead E:\huasuhui\GRProject\drawmadTest\ThinkPHP\Lib\Template\ThinkTemplate.class.php 第 404 行.
NOTIC: [8192] preg_replace(): The /e modifier is deprecated, use preg_replace_callback instead E:\huasuhui\GRProject\drawmadTest\ThinkPHP\Lib\Template\ThinkTemplate.class.php 第 404 行.
NOTIC: [8192] preg_replace(): The /e modifier is deprecated, use preg_replace_callback instead E:\huasuhui\GRProject\drawmadTest\ThinkPHP\Lib\Template\ThinkTemplate.class.php 第 404 行.
NOTIC: [8192] preg_replace(): The /e modifier is deprecated, use preg_replace_callback instead E:\huasuhui\GRProject\drawmadTest\ThinkPHP\Lib\Template\ThinkTemplate.class.php 第 404 行.
NOTIC: [8192] preg_replace(): The /e modifier is deprecated, use preg_replace_callback instead E:\huasuhui\GRProject\drawmadTest\ThinkPHP\Lib\Template\ThinkTemplate.class.php 第 404 行.
NOTIC: [8192] preg_replace(): The /e modifier is deprecated, use preg_replace_callback instead E:\huasuhui\GRProject\drawmadTest\ThinkPHP\Lib\Template\ThinkTemplate.class.php 第 404 行.
NOTIC: [8192] preg_replace(): The /e modifier is deprecated, use preg_replace_callback instead E:\huasuhui\GRProject\drawmadTest\ThinkPHP\Lib\Template\ThinkTemplate.class.php 第 404 行.
NOTIC: [8192] preg_replace(): The /e modifier is deprecated, use preg_replace_callback instead E:\huasuhui\GRProject\drawmadTest\ThinkPHP\Lib\Template\ThinkTemplate.class.php 第 404 行.
NOTIC: [8192] preg_replace(): The /e modifier is deprecated, use preg_replace_callback instead E:\huasuhui\GRProject\drawmadTest\ThinkPHP\Lib\Template\ThinkTemplate.class.php 第 404 行.
NOTIC: [8192] preg_replace(): The /e modifier is deprecated, use preg_replace_callback instead E:\huasuhui\GRProject\drawmadTest\ThinkPHP\Lib\Template\ThinkTemplate.class.php 第 404 行.
NOTIC: [8192] preg_replace(): The /e modifier is deprecated, use preg_replace_callback instead E:\huasuhui\GRProject\drawmadTest\ThinkPHP\Lib\Template\ThinkTemplate.class.php 第 404 行.
NOTIC: [8192] preg_replace(): The /e modifier is deprecated, use preg_replace_callback instead E:\huasuhui\GRProject\drawmadTest\ThinkPHP\Lib\Template\ThinkTemplate.class.php 第 404 行.
NOTIC: [8192] preg_replace(): The /e modifier is deprecated, use preg_replace_callback instead E:\huasuhui\GRProject\drawmadTest\ThinkPHP\Lib\Template\ThinkTemplate.class.php 第 404 行.
NOTIC: [8192] preg_replace(): The /e modifier is deprecated, use preg_replace_callback instead E:\huasuhui\GRProject\drawmadTest\ThinkPHP\Lib\Template\ThinkTemplate.class.php 第 404 行.
NOTIC: [8192] preg_replace(): The /e modifier is deprecated, use preg_replace_callback instead E:\huasuhui\GRProject\drawmadTest\ThinkPHP\Lib\Template\ThinkTemplate.class.php 第 404 行.
NOTIC: [8192] preg_replace(): The /e modifier is deprecated, use preg_replace_callback instead E:\huasuhui\GRProject\drawmadTest\ThinkPHP\Lib\Template\ThinkTemplate.class.php 第 404 行.
NOTIC: [8192] preg_replace(): The /e modifier is deprecated, use preg_replace_callback instead E:\huasuhui\GRProject\drawmadTest\ThinkPHP\Lib\Template\ThinkTemplate.class.php 第 404 行.
NOTIC: [8192] preg_replace(): The /e modifier is deprecated, use preg_replace_callback instead E:\huasuhui\GRProject\drawmadTest\ThinkPHP\Lib\Template\ThinkTemplate.class.php 第 404 行.
NOTIC: [8192] preg_replace(): The /e modifier is deprecated, use preg_replace_callback instead E:\huasuhui\GRProject\drawmadTest\ThinkPHP\Lib\Template\ThinkTemplate.class.php 第 404 行.
NOTIC: [8192] preg_replace(): The /e modifier is deprecated, use preg_replace_callback instead E:\huasuhui\GRProject\drawmadTest\ThinkPHP\Lib\Template\ThinkTemplate.class.php 第 404 行.
NOTIC: [8192] preg_replace(): The /e modifier is deprecated, use preg_replace_callback instead E:\huasuhui\GRProject\drawmadTest\ThinkPHP\Lib\Template\ThinkTemplate.class.php 第 404 行.
NOTIC: [8192] preg_replace(): The /e modifier is deprecated, use preg_replace_callback instead E:\huasuhui\GRProject\drawmadTest\ThinkPHP\Lib\Template\ThinkTemplate.class.php 第 404 行.
NOTIC: [8192] preg_replace(): The /e modifier is deprecated, use preg_replace_callback instead E:\huasuhui\GRProject\drawmadTest\ThinkPHP\Lib\Template\ThinkTemplate.class.php 第 404 行.
NOTIC: [8192] preg_replace(): The /e modifier is deprecated, use preg_replace_callback instead E:\huasuhui\GRProject\drawmadTest\ThinkPHP\Lib\Template\ThinkTemplate.class.php 第 404 行.
NOTIC: [8192] preg_replace(): The /e modifier is deprecated, use preg_replace_callback instead E:\huasuhui\GRProject\drawmadTest\ThinkPHP\Lib\Template\ThinkTemplate.class.php 第 404 行.
NOTIC: [8192] preg_replace(): The /e modifier is deprecated, use preg_replace_callback instead E:\huasuhui\GRProject\drawmadTest\ThinkPHP\Lib\Template\ThinkTemplate.class.php 第 404 行.
NOTIC: [8192] preg_replace(): The /e modifier is deprecated, use preg_replace_callback instead E:\huasuhui\GRProject\drawmadTest\ThinkPHP\Lib\Template\ThinkTemplate.class.php 第 404 行.
NOTIC: [8192] preg_replace(): The /e modifier is deprecated, use preg_replace_callback instead E:\huasuhui\GRProject\drawmadTest\ThinkPHP\Lib\Template\ThinkTemplate.class.php 第 404 行.
NOTIC: [8192] preg_replace(): The /e modifier is deprecated, use preg_replace_callback instead E:\huasuhui\GRProject\drawmadTest\ThinkPHP\Lib\Template\ThinkTemplate.class.php 第 404 行.
NOTIC: [8192] preg_replace(): The /e modifier is deprecated, use preg_replace_callback instead E:\huasuhui\GRProject\drawmadTest\ThinkPHP\Lib\Template\ThinkTemplate.class.php 第 404 行.
NOTIC: [8192] preg_replace(): The /e modifier is deprecated, use preg_replace_callback instead E:\huasuhui\GRProject\drawmadTest\ThinkPHP\Lib\Template\ThinkTemplate.class.php 第 404 行.
NOTIC: [8192] preg_replace(): The /e modifier is deprecated, use preg_replace_callback instead E:\huasuhui\GRProject\drawmadTest\ThinkPHP\Lib\Template\ThinkTemplate.class.php 第 404 行.
NOTIC: [8192] preg_replace(): The /e modifier is deprecated, use preg_replace_callback instead E:\huasuhui\GRProject\drawmadTest\ThinkPHP\Lib\Template\ThinkTemplate.class.php 第 404 行.
NOTIC: [8192] preg_replace(): The /e modifier is deprecated, use preg_replace_callback instead E:\huasuhui\GRProject\drawmadTest\ThinkPHP\Lib\Template\ThinkTemplate.class.php 第 404 行.
NOTIC: [8192] preg_replace(): The /e modifier is deprecated, use preg_replace_callback instead E:\huasuhui\GRProject\drawmadTest\ThinkPHP\Lib\Template\ThinkTemplate.class.php 第 404 行.
NOTIC: [8192] preg_replace(): The /e modifier is deprecated, use preg_replace_callback instead E:\huasuhui\GRProject\drawmadTest\ThinkPHP\Lib\Template\ThinkTemplate.class.php 第 404 行.
NOTIC: [8192] preg_replace(): The /e modifier is deprecated, use preg_replace_callback instead E:\huasuhui\GRProject\drawmadTest\ThinkPHP\Lib\Template\ThinkTemplate.class.php 第 404 行.
NOTIC: [8192] preg_replace(): The /e modifier is deprecated, use preg_replace_callback instead E:\huasuhui\GRProject\drawmadTest\ThinkPHP\Lib\Template\ThinkTemplate.class.php 第 404 行.
NOTIC: [8192] preg_replace(): The /e modifier is deprecated, use preg_replace_callback instead E:\huasuhui\GRProject\drawmadTest\ThinkPHP\Lib\Template\ThinkTemplate.class.php 第 404 行.
NOTIC: [8192] preg_replace(): The /e modifier is deprecated, use preg_replace_callback instead E:\huasuhui\GRProject\drawmadTest\ThinkPHP\Lib\Template\ThinkTemplate.class.php 第 404 行.
NOTIC: [8192] preg_replace(): The /e modifier is deprecated, use preg_replace_callback instead E:\huasuhui\GRProject\drawmadTest\ThinkPHP\Lib\Template\ThinkTemplate.class.php 第 404 行.
NOTIC: [8192] preg_replace(): The /e modifier is deprecated, use preg_replace_callback instead E:\huasuhui\GRProject\drawmadTest\ThinkPHP\Lib\Template\ThinkTemplate.class.php 第 404 行.
NOTIC: [8192] preg_replace(): The /e modifier is deprecated, use preg_replace_callback instead E:\huasuhui\GRProject\drawmadTest\ThinkPHP\Lib\Template\ThinkTemplate.class.php 第 404 行.
NOTIC: [8192] preg_replace(): The /e modifier is deprecated, use preg_replace_callback instead E:\huasuhui\GRProject\drawmadTest\ThinkPHP\Lib\Template\ThinkTemplate.class.php 第 404 行.
NOTIC: [8192] preg_replace(): The /e modifier is deprecated, use preg_replace_callback instead E:\huasuhui\GRProject\drawmadTest\ThinkPHP\Lib\Template\ThinkTemplate.class.php 第 404 行.
NOTIC: [8192] preg_replace(): The /e modifier is deprecated, use preg_replace_callback instead E:\huasuhui\GRProject\drawmadTest\ThinkPHP\Lib\Template\ThinkTemplate.class.php 第 404 行.
NOTIC: [8192] preg_replace(): The /e modifier is deprecated, use preg_replace_callback instead E:\huasuhui\GRProject\drawmadTest\ThinkPHP\Lib\Template\ThinkTemplate.class.php 第 404 行.
NOTIC: [8192] preg_replace(): The /e modifier is deprecated, use preg_replace_callback instead E:\huasuhui\GRProject\drawmadTest\ThinkPHP\Lib\Template\ThinkTemplate.class.php 第 404 行.
NOTIC: [8192] preg_replace(): The /e modifier is deprecated, use preg_replace_callback instead E:\huasuhui\GRProject\drawmadTest\ThinkPHP\Lib\Template\ThinkTemplate.class.php 第 399 行.
NOTIC: [8192] preg_replace(): The /e modifier is deprecated, use preg_replace_callback instead E:\huasuhui\GRProject\drawmadTest\ThinkPHP\Lib\Template\ThinkTemplate.class.php 第 399 行.
NOTIC: [8192] preg_replace(): The /e modifier is deprecated, use preg_replace_callback instead E:\huasuhui\GRProject\drawmadTest\ThinkPHP\Lib\Template\ThinkTemplate.class.php 第 399 行.
NOTIC: [8192] preg_replace(): The /e modifier is deprecated, use preg_replace_callback instead E:\huasuhui\GRProject\drawmadTest\ThinkPHP\Lib\Template\ThinkTemplate.class.php 第 399 行.
NOTIC: [8192] preg_replace(): The /e modifier is deprecated, use preg_replace_callback instead E:\huasuhui\GRProject\drawmadTest\ThinkPHP\Lib\Template\ThinkTemplate.class.php 第 399 行.
NOTIC: [8192] preg_replace(): The /e modifier is deprecated, use preg_replace_callback instead E:\huasuhui\GRProject\drawmadTest\ThinkPHP\Lib\Template\ThinkTemplate.class.php 第 399 行.
NOTIC: [8192] preg_replace(): The /e modifier is deprecated, use preg_replace_callback instead E:\huasuhui\GRProject\drawmadTest\ThinkPHP\Lib\Template\ThinkTemplate.class.php 第 404 行.
NOTIC: [8192] preg_replace(): The /e modifier is deprecated, use preg_replace_callback instead E:\huasuhui\GRProject\drawmadTest\ThinkPHP\Lib\Template\ThinkTemplate.class.php 第 404 行.
NOTIC: [8192] preg_replace(): The /e modifier is deprecated, use preg_replace_callback instead E:\huasuhui\GRProject\drawmadTest\ThinkPHP\Lib\Template\ThinkTemplate.class.php 第 404 行.
NOTIC: [8192] preg_replace(): The /e modifier is deprecated, use preg_replace_callback instead E:\huasuhui\GRProject\drawmadTest\ThinkPHP\Lib\Template\ThinkTemplate.class.php 第 197 行.
NOTIC: [8192] preg_replace(): The /e modifier is deprecated, use preg_replace_callback instead E:\huasuhui\GRProject\drawmadTest\ThinkPHP\Lib\Template\ThinkTemplate.class.php 第 137 行.
INFO: ParseTemplate Behavior ::run [ RunTime:0.029002s ]
INFO: [ view_parse ] --END-- [ RunTime:0.029002s ]
INFO: [ view_filter ] --START--
NOTIC: [8] Use of undefined constant APP_TMPL_PATH - assumed 'APP_TMPL_PATH' E:\huasuhui\GRProject\drawmadTest\ThinkPHP\Lib\Behavior\ContentReplaceBehavior.class.php 第 40 行.
NOTIC: [8] Use of undefined constant APP_TMPL_PATH - assumed 'APP_TMPL_PATH' E:\huasuhui\GRProject\drawmadTest\ThinkPHP\Lib\Behavior\ContentReplaceBehavior.class.php 第 47 行.
INFO: ContentReplace Behavior ::run [ RunTime:0.001000s ]
INFO: TokenBuild Behavior ::run [ RunTime:0.000000s ]
INFO: WriteHtmlCache Behavior ::run [ RunTime:0.000000s ]
INFO: ShowRuntime Behavior ::run [ RunTime:0.001000s ]
INFO: [ view_filter ] --END-- [ RunTime:0.003000s ]
INFO: [ view_end ] --START--
INFO: ShowPageTrace Behavior ::run [ RunTime:0.001000s ]
INFO: [ view_end ] --END-- [ RunTime:0.001000s ]

[ 2015-08-18T18:12:27+08:00 ] 127.0.0.1 /index.php/www
ERR: 无法加载模块:www

[ 2015-08-18T18:12:38+08:00 ] 127.0.0.1 /index.php/www
ERR: 无法加载模块:www

[ 2015-08-18T18:12:41+08:00 ] 127.0.0.1 /index.php/VideoDetail/addScore
INFO: [ app_begin ] --START--
INFO: ReadHtmlCache Behavior ::run [ RunTime:0.001001s ]
INFO: [ app_begin ] --END-- [ RunTime:0.002001s ]
NOTIC: [8192] mysql_connect(): The mysql extension is deprecated and will be removed in the future: use mysqli or PDO instead E:\huasuhui\GRProject\drawmadTest\ThinkPHP\Lib\Driver\Db\DbMysql.class.php 第 55 行.
SQL: select * from notice
where id not in (
select notice_id from user_notice
where user_id = 5000
) and type = '3'

UNION ALL

select * from notice 
where id not in (
select notice_id from user_notice
where user_id = 5000
) and type = '4' and user_id = 5000
 [ RunTime:0.001000s ]
SQL: select a.*, b.message, b.date as notice_date
from user_notice a
LEFT JOIN notice b on a.notice_id = b.id
where a.user_id = 5000 and a.type in (3,4) and a.is_del = 0
and a.state = 0

ORDER BY b.date desc [ RunTime:0.001000s ]
SQL: SHOW COLUMNS FROM `user_mad` [ RunTime:0.003000s ]
NOTIC: [8192] preg_replace(): The /e modifier is deprecated, use preg_replace_callback instead E:\huasuhui\GRProject\drawmadTest\ThinkPHP\Lib\Core\Db.class.php 第 605 行.
SQL: SELECT `user_type` FROM `user_mad` WHERE ( id=5000 ) LIMIT 1   [ RunTime:0.000000s ]
SQL: SHOW COLUMNS FROM `video_score` [ RunTime:0.003000s ]
NOTIC: [8192] preg_replace(): The /e modifier is deprecated, use preg_replace_callback instead E:\huasuhui\GRProject\drawmadTest\ThinkPHP\Lib\Core\Db.class.php 第 605 行.
SQL: SELECT * FROM `video_score` WHERE ( video_id='10110' and user_id='5000' ) LIMIT 1   [ RunTime:0.000000s ]
SQL: INSERT INTO `video_score` (`user_id`,`video_id`,`score`,`username`,`time`) VALUES (5000,10110,'10','wuliao','2015-08-18 18:12:41') [ RunTime:0.041003s ]
SQL: SHOW COLUMNS FROM `video_score` [ RunTime:0.003000s ]
NOTIC: [8192] preg_replace(): The /e modifier is deprecated, use preg_replace_callback instead E:\huasuhui\GRProject\drawmadTest\ThinkPHP\Lib\Core\Db.class.php 第 605 行.
SQL: SELECT AVG(score) AS tp_avg FROM `video_score` WHERE ( `video_id` = 10110 ) LIMIT 1   [ RunTime:0.000000s ]

[ 2015-08-18T18:12:58+08:00 ] 127.0.0.1 /index.php/www
ERR: 无法加载模块:www

[ 2015-08-18T18:13:04+08:00 ] 127.0.0.1 /index.php/www
ERR: 无法加载模块:www

[ 2015-08-18T18:13:06+08:00 ] 127.0.0.1 /index.php/VideoDetail/addScore
INFO: [ app_begin ] --START--
INFO: ReadHtmlCache Behavior ::run [ RunTime:0.001001s ]
INFO: [ app_begin ] --END-- [ RunTime:0.001001s ]
NOTIC: [8192] mysql_connect(): The mysql extension is deprecated and will be removed in the future: use mysqli or PDO instead E:\huasuhui\GRProject\drawmadTest\ThinkPHP\Lib\Driver\Db\DbMysql.class.php 第 55 行.
SQL: select * from notice
where id not in (
select notice_id from user_notice
where user_id = 5000
) and type = '3'

UNION ALL

select * from notice 
where id not in (
select notice_id from user_notice
where user_id = 5000
) and type = '4' and user_id = 5000
 [ RunTime:0.001000s ]
SQL: select a.*, b.message, b.date as notice_date
from user_notice a
LEFT JOIN notice b on a.notice_id = b.id
where a.user_id = 5000 and a.type in (3,4) and a.is_del = 0
and a.state = 0

ORDER BY b.date desc [ RunTime:0.000000s ]
SQL: SHOW COLUMNS FROM `user_mad` [ RunTime:0.003000s ]
NOTIC: [8192] preg_replace(): The /e modifier is deprecated, use preg_replace_callback instead E:\huasuhui\GRProject\drawmadTest\ThinkPHP\Lib\Core\Db.class.php 第 605 行.
SQL: SELECT `user_type` FROM `user_mad` WHERE ( id=5000 ) LIMIT 1   [ RunTime:0.000000s ]
SQL: SHOW COLUMNS FROM `video_score` [ RunTime:0.002000s ]
NOTIC: [8192] preg_replace(): The /e modifier is deprecated, use preg_replace_callback instead E:\huasuhui\GRProject\drawmadTest\ThinkPHP\Lib\Core\Db.class.php 第 605 行.
SQL: SELECT * FROM `video_score` WHERE ( video_id='10110' and user_id='5000' ) LIMIT 1   [ RunTime:0.000000s ]

[ 2015-08-18T18:15:59+08:00 ] 127.0.0.1 /index.php/www
ERR: 无法加载模块:www

[ 2015-08-18T18:17:14+08:00 ] 127.0.0.1 /index.php/www
ERR: 无法加载模块:www

[ 2015-08-18T18:17:59+08:00 ] 127.0.0.1 /index.php/www
ERR: 无法加载模块:www

[ 2015-08-18T18:18:04+08:00 ] 127.0.0.1 /index.php/VideoDetail/addScore
INFO: [ app_begin ] --START--
INFO: ReadHtmlCache Behavior ::run [ RunTime:0.001000s ]
INFO: [ app_begin ] --END-- [ RunTime:0.001000s ]
NOTIC: [8192] mysql_connect(): The mysql extension is deprecated and will be removed in the future: use mysqli or PDO instead E:\huasuhui\GRProject\drawmadTest\ThinkPHP\Lib\Driver\Db\DbMysql.class.php 第 55 行.
SQL: select * from notice
where id not in (
select notice_id from user_notice
where user_id = 5000
) and type = '3'

UNION ALL

select * from notice 
where id not in (
select notice_id from user_notice
where user_id = 5000
) and type = '4' and user_id = 5000
 [ RunTime:0.000000s ]
SQL: select a.*, b.message, b.date as notice_date
from user_notice a
LEFT JOIN notice b on a.notice_id = b.id
where a.user_id = 5000 and a.type in (3,4) and a.is_del = 0
and a.state = 0

ORDER BY b.date desc [ RunTime:0.000000s ]
SQL: SHOW COLUMNS FROM `user_mad` [ RunTime:0.002000s ]
NOTIC: [8192] preg_replace(): The /e modifier is deprecated, use preg_replace_callback instead E:\huasuhui\GRProject\drawmadTest\ThinkPHP\Lib\Core\Db.class.php 第 605 行.
SQL: SELECT `user_type` FROM `user_mad` WHERE ( id=5000 ) LIMIT 1   [ RunTime:0.000000s ]
SQL: SHOW COLUMNS FROM `video_score` [ RunTime:0.002000s ]
NOTIC: [8192] preg_replace(): The /e modifier is deprecated, use preg_replace_callback instead E:\huasuhui\GRProject\drawmadTest\ThinkPHP\Lib\Core\Db.class.php 第 605 行.
SQL: SELECT * FROM `video_score` WHERE ( video_id='10110' and user_id='5000' ) LIMIT 1   [ RunTime:0.001000s ]
SQL: INSERT INTO `video_score` (`user_id`,`video_id`,`score`,`username`,`time`) VALUES (5000,10110,'10','wuliao','2015-08-18 18:18:04') [ RunTime:0.042003s ]
SQL: SHOW COLUMNS FROM `video_score` [ RunTime:0.003000s ]
NOTIC: [8192] preg_replace(): The /e modifier is deprecated, use preg_replace_callback instead E:\huasuhui\GRProject\drawmadTest\ThinkPHP\Lib\Core\Db.class.php 第 605 行.
SQL: SELECT AVG(score) AS tp_avg FROM `video_score` WHERE ( `video_id` = 10110 ) LIMIT 1   [ RunTime:0.000000s ]

[ 2015-08-18T18:33:03+08:00 ] 127.0.0.1 /index.php/www
ERR: 无法加载模块:www

[ 2015-08-18T18:33:07+08:00 ] 127.0.0.1 /index.php/VideoDetail/addScore
INFO: [ app_begin ] --START--
INFO: ReadHtmlCache Behavior ::run [ RunTime:0.001000s ]
INFO: [ app_begin ] --END-- [ RunTime:0.001000s ]
NOTIC: [8192] mysql_connect(): The mysql extension is deprecated and will be removed in the future: use mysqli or PDO instead E:\huasuhui\GRProject\drawmadTest\ThinkPHP\Lib\Driver\Db\DbMysql.class.php 第 55 行.
SQL: select * from notice
where id not in (
select notice_id from user_notice
where user_id = 5000
) and type = '3'

UNION ALL

select * from notice 
where id not in (
select notice_id from user_notice
where user_id = 5000
) and type = '4' and user_id = 5000
 [ RunTime:0.001000s ]
SQL: select a.*, b.message, b.date as notice_date
from user_notice a
LEFT JOIN notice b on a.notice_id = b.id
where a.user_id = 5000 and a.type in (3,4) and a.is_del = 0
and a.state = 0

ORDER BY b.date desc [ RunTime:0.001000s ]
SQL: SHOW COLUMNS FROM `user_mad` [ RunTime:0.003000s ]
NOTIC: [8192] preg_replace(): The /e modifier is deprecated, use preg_replace_callback instead E:\huasuhui\GRProject\drawmadTest\ThinkPHP\Lib\Core\Db.class.php 第 605 行.
SQL: SELECT `user_type` FROM `user_mad` WHERE ( id=5000 ) LIMIT 1   [ RunTime:0.000000s ]
SQL: SHOW COLUMNS FROM `video_score` [ RunTime:0.003000s ]
NOTIC: [8192] preg_replace(): The /e modifier is deprecated, use preg_replace_callback instead E:\huasuhui\GRProject\drawmadTest\ThinkPHP\Lib\Core\Db.class.php 第 605 行.
SQL: SELECT * FROM `video_score` WHERE ( video_id='10110' and user_id='5000' ) LIMIT 1   [ RunTime:0.000000s ]

[ 2015-08-18T18:40:26+08:00 ] 127.0.0.1 /index.php/www
ERR: 无法加载模块:www

[ 2015-08-18T18:40:27+08:00 ] 127.0.0.1 /index.php/VideoDetail/addScore
INFO: [ app_begin ] --START--
INFO: ReadHtmlCache Behavior ::run [ RunTime:0.001000s ]
INFO: [ app_begin ] --END-- [ RunTime:0.001000s ]
NOTIC: [8192] mysql_connect(): The mysql extension is deprecated and will be removed in the future: use mysqli or PDO instead E:\huasuhui\GRProject\drawmadTest\ThinkPHP\Lib\Driver\Db\DbMysql.class.php 第 55 行.
SQL: select * from notice
where id not in (
select notice_id from user_notice
where user_id = 5000
) and type = '3'

UNION ALL

select * from notice 
where id not in (
select notice_id from user_notice
where user_id = 5000
) and type = '4' and user_id = 5000
 [ RunTime:0.000000s ]
SQL: select a.*, b.message, b.date as notice_date
from user_notice a
LEFT JOIN notice b on a.notice_id = b.id
where a.user_id = 5000 and a.type in (3,4) and a.is_del = 0
and a.state = 0

ORDER BY b.date desc [ RunTime:0.000000s ]
SQL: SHOW COLUMNS FROM `user_mad` [ RunTime:0.004000s ]
NOTIC: [8192] preg_replace(): The /e modifier is deprecated, use preg_replace_callback instead E:\huasuhui\GRProject\drawmadTest\ThinkPHP\Lib\Core\Db.class.php 第 605 行.
SQL: SELECT `user_type` FROM `user_mad` WHERE ( id=5000 ) LIMIT 1   [ RunTime:0.000000s ]

[ 2015-08-18T18:40:30+08:00 ] 127.0.0.1 /index.php/VideoDetail/addScore
INFO: [ app_begin ] --START--
INFO: ReadHtmlCache Behavior ::run [ RunTime:0.002000s ]
INFO: [ app_begin ] --END-- [ RunTime:0.002000s ]
NOTIC: [8192] mysql_connect(): The mysql extension is deprecated and will be removed in the future: use mysqli or PDO instead E:\huasuhui\GRProject\drawmadTest\ThinkPHP\Lib\Driver\Db\DbMysql.class.php 第 55 行.
SQL: select * from notice
where id not in (
select notice_id from user_notice
where user_id = 5000
) and type = '3'

UNION ALL

select * from notice 
where id not in (
select notice_id from user_notice
where user_id = 5000
) and type = '4' and user_id = 5000
 [ RunTime:0.000000s ]
SQL: select a.*, b.message, b.date as notice_date
from user_notice a
LEFT JOIN notice b on a.notice_id = b.id
where a.user_id = 5000 and a.type in (3,4) and a.is_del = 0
and a.state = 0

ORDER BY b.date desc [ RunTime:0.000000s ]
SQL: SHOW COLUMNS FROM `user_mad` [ RunTime:0.004000s ]
NOTIC: [8192] preg_replace(): The /e modifier is deprecated, use preg_replace_callback instead E:\huasuhui\GRProject\drawmadTest\ThinkPHP\Lib\Core\Db.class.php 第 605 行.
SQL: SELECT `user_type` FROM `user_mad` WHERE ( id=5000 ) LIMIT 1   [ RunTime:0.000000s ]

[ 2015-08-18T18:40:35+08:00 ] 127.0.0.1 /index.php/VideoDetail/addScore
INFO: [ app_begin ] --START--
INFO: ReadHtmlCache Behavior ::run [ RunTime:0.001000s ]
INFO: [ app_begin ] --END-- [ RunTime:0.001000s ]
NOTIC: [8192] mysql_connect(): The mysql extension is deprecated and will be removed in the future: use mysqli or PDO instead E:\huasuhui\GRProject\drawmadTest\ThinkPHP\Lib\Driver\Db\DbMysql.class.php 第 55 行.
SQL: select * from notice
where id not in (
select notice_id from user_notice
where user_id = 5000
) and type = '3'

UNION ALL

select * from notice 
where id not in (
select notice_id from user_notice
where user_id = 5000
) and type = '4' and user_id = 5000
 [ RunTime:0.000000s ]
SQL: select a.*, b.message, b.date as notice_date
from user_notice a
LEFT JOIN notice b on a.notice_id = b.id
where a.user_id = 5000 and a.type in (3,4) and a.is_del = 0
and a.state = 0

ORDER BY b.date desc [ RunTime:0.000000s ]
SQL: SHOW COLUMNS FROM `user_mad` [ RunTime:0.002001s ]
NOTIC: [8192] preg_replace(): The /e modifier is deprecated, use preg_replace_callback instead E:\huasuhui\GRProject\drawmadTest\ThinkPHP\Lib\Core\Db.class.php 第 605 行.
SQL: SELECT `user_type` FROM `user_mad` WHERE ( id=5000 ) LIMIT 1   [ RunTime:0.000000s ]
SQL: SHOW COLUMNS FROM `video_score` [ RunTime:0.002000s ]
NOTIC: [8192] preg_replace(): The /e modifier is deprecated, use preg_replace_callback instead E:\huasuhui\GRProject\drawmadTest\ThinkPHP\Lib\Core\Db.class.php 第 605 行.
SQL: SELECT * FROM `video_score` WHERE ( video_id='10110' and user_id='5000' ) LIMIT 1   [ RunTime:0.001000s ]
SQL: INSERT INTO `video_score` (`user_id`,`video_id`,`score`,`username`,`time`) VALUES (5000,10110,'10','wuliao','2015-08-18 18:40:35') [ RunTime:0.060003s ]
SQL: SHOW COLUMNS FROM `video_score` [ RunTime:0.003000s ]
NOTIC: [8192] preg_replace(): The /e modifier is deprecated, use preg_replace_callback instead E:\huasuhui\GRProject\drawmadTest\ThinkPHP\Lib\Core\Db.class.php 第 605 行.
SQL: SELECT AVG(score) AS tp_avg FROM `video_score` WHERE ( `video_id` = 10110 ) LIMIT 1   [ RunTime:0.000000s ]

[ 2015-08-18T18:47:03+08:00 ] 127.0.0.1 /index.php/www
ERR: 无法加载模块:www

[ 2015-08-18T18:47:06+08:00 ] 127.0.0.1 /index.php/VideoDetail/addScore
INFO: [ app_begin ] --START--
INFO: ReadHtmlCache Behavior ::run [ RunTime:0.001000s ]
INFO: [ app_begin ] --END-- [ RunTime:0.001000s ]
NOTIC: [8192] mysql_connect(): The mysql extension is deprecated and will be removed in the future: use mysqli or PDO instead E:\huasuhui\GRProject\drawmadTest\ThinkPHP\Lib\Driver\Db\DbMysql.class.php 第 55 行.
SQL: select * from notice
where id not in (
select notice_id from user_notice
where user_id = 5000
) and type = '3'

UNION ALL

select * from notice 
where id not in (
select notice_id from user_notice
where user_id = 5000
) and type = '4' and user_id = 5000
 [ RunTime:0.000000s ]
SQL: select a.*, b.message, b.date as notice_date
from user_notice a
LEFT JOIN notice b on a.notice_id = b.id
where a.user_id = 5000 and a.type in (3,4) and a.is_del = 0
and a.state = 0

ORDER BY b.date desc [ RunTime:0.000000s ]
SQL: SHOW COLUMNS FROM `user_mad` [ RunTime:0.004000s ]
NOTIC: [8192] preg_replace(): The /e modifier is deprecated, use preg_replace_callback instead E:\huasuhui\GRProject\drawmadTest\ThinkPHP\Lib\Core\Db.class.php 第 605 行.
SQL: SELECT `user_type` FROM `user_mad` WHERE ( id=5000 ) LIMIT 1   [ RunTime:0.000000s ]
SQL: SHOW COLUMNS FROM `video_score` [ RunTime:0.003001s ]
NOTIC: [8192] preg_replace(): The /e modifier is deprecated, use preg_replace_callback instead E:\huasuhui\GRProject\drawmadTest\ThinkPHP\Lib\Core\Db.class.php 第 605 行.
SQL: SELECT * FROM `video_score` WHERE ( video_id='10110' and user_id='5000' ) LIMIT 1   [ RunTime:0.000000s ]
SQL: INSERT INTO `video_score` (`user_id`,`video_id`,`score`,`username`,`time`) VALUES (5000,10110,'10','wuliao','2015-08-18 18:47:06') [ RunTime:0.168009s ]
SQL: select *, 
	ROUND(
	(score_count * avg_score) / (score_count + min_score) + 
	(min_score * sum_avg_score) / (min_score + score_count)
	, 2) as avg_rel_score
	from (
	select count(video_id) as score_count, video_id, 
	cast(avg(score) as decimal(10,2)) as avg_score
	from video_score 
	GROUP BY video_id
	) a
	left join (
		select min(score) as min_score from (
		select * from (
		select video_id, count(score) as score
		from video_score 
		group by video_id
		) a
		order by score desc
		limit 20
		) a
	) b on 1 = 1
	left join (
		select sum(sum_count) as sum_count, sum(score) as sum_score, 
		sum(score) / sum(sum_count) as sum_avg_score
		from (
		select count(video_id) as sum_count, video_id, sum(score) as score
		from video_score 
		group by video_id
		) a
	)c on 1 = 1
	where video_id = 10110 [ RunTime:0.004001s ]

[ 2015-08-18T18:47:17+08:00 ] 127.0.0.1 /index.php/www
ERR: 无法加载模块:www

[ 2015-08-18T18:47:20+08:00 ] 127.0.0.1 /index.php/www
ERR: 无法加载模块:www

[ 2015-08-18T18:48:05+08:00 ] 127.0.0.1 /index.php/www
ERR: 无法加载模块:www

[ 2015-08-18T18:48:05+08:00 ] 127.0.0.1 /index.php/VideoDetail/addScore
INFO: [ app_begin ] --START--
INFO: ReadHtmlCache Behavior ::run [ RunTime:0.001000s ]
INFO: [ app_begin ] --END-- [ RunTime:0.001000s ]
NOTIC: [8192] mysql_connect(): The mysql extension is deprecated and will be removed in the future: use mysqli or PDO instead E:\huasuhui\GRProject\drawmadTest\ThinkPHP\Lib\Driver\Db\DbMysql.class.php 第 55 行.
SQL: select * from notice
where id not in (
select notice_id from user_notice
where user_id = 5000
) and type = '3'

UNION ALL

select * from notice 
where id not in (
select notice_id from user_notice
where user_id = 5000
) and type = '4' and user_id = 5000
 [ RunTime:0.001000s ]
SQL: select a.*, b.message, b.date as notice_date
from user_notice a
LEFT JOIN notice b on a.notice_id = b.id
where a.user_id = 5000 and a.type in (3,4) and a.is_del = 0
and a.state = 0

ORDER BY b.date desc [ RunTime:0.001000s ]
SQL: SHOW COLUMNS FROM `user_mad` [ RunTime:0.004000s ]
NOTIC: [8192] preg_replace(): The /e modifier is deprecated, use preg_replace_callback instead E:\huasuhui\GRProject\drawmadTest\ThinkPHP\Lib\Core\Db.class.php 第 605 行.
SQL: SELECT `user_type` FROM `user_mad` WHERE ( id=5000 ) LIMIT 1   [ RunTime:0.000000s ]
SQL: SHOW COLUMNS FROM `video_score` [ RunTime:0.003000s ]
NOTIC: [8192] preg_replace(): The /e modifier is deprecated, use preg_replace_callback instead E:\huasuhui\GRProject\drawmadTest\ThinkPHP\Lib\Core\Db.class.php 第 605 行.
SQL: SELECT * FROM `video_score` WHERE ( video_id='10110' and user_id='5000' ) LIMIT 1   [ RunTime:0.001000s ]
SQL: INSERT INTO `video_score` (`user_id`,`video_id`,`score`,`username`,`time`) VALUES (5000,10110,'10','wuliao','2015-08-18 18:48:05') [ RunTime:0.043002s ]
SQL: select *, 
	ROUND(
	(score_count * avg_score) / (score_count + min_score) + 
	(min_score * sum_avg_score) / (min_score + score_count)
	, 2) as avg_rel_score
	from (
	select count(video_id) as score_count, video_id, 
	cast(avg(score) as decimal(10,2)) as avg_score
	from video_score 
	GROUP BY video_id
	) a
	left join (
		select min(score) as min_score from (
		select * from (
		select video_id, count(score) as score
		from video_score 
		group by video_id
		) a
		order by score desc
		limit 20
		) a
	) b on 1 = 1
	left join (
		select sum(sum_count) as sum_count, sum(score) as sum_score, 
		sum(score) / sum(sum_count) as sum_avg_score
		from (
		select count(video_id) as sum_count, video_id, sum(score) as score
		from video_score 
		group by video_id
		) a
	)c on 1 = 1
	where video_id = 10110 [ RunTime:0.003000s ]

[ 2015-08-18T18:48:09+08:00 ] 127.0.0.1 /index.php/www
ERR: 无法加载模块:www

[ 2015-08-18T18:48:17+08:00 ] 127.0.0.1 /index.php/www
ERR: 无法加载模块:www

[ 2015-08-18T18:50:55+08:00 ] 127.0.0.1 /index.php/www
ERR: 无法加载模块:www

[ 2015-08-18T18:50:56+08:00 ] 127.0.0.1 /index.php/www
ERR: 无法加载模块:www

[ 2015-08-18T19:04:35+08:00 ] 127.0.0.1 /MAD/Modules/Index/Tpl/Public/videos/id_5000_num_4.flv
ERR: 无法加载模块:MAD

[ 2015-08-18T19:04:40+08:00 ] 127.0.0.1 /index.php/www
ERR: 无法加载模块:www

